Iteration	Posterior	Likelihood	Prior	rate_log_sd	rate_loss	tree_length
0	-1034.728	-1222.649	187.9204	1.21689	1.964313	1.276861
6	-1032.387	-1220.467	188.0798	1.61393	1.964313	0.6932841
12	-1044.521	-1232.064	187.5423	1.61393	2.571301	0.9660187
18	-1044.194	-1231.658	187.4639	1.479701	3.063604	0.9578715
24	-1037.836	-1225.061	187.2248	1.683374	3.149318	0.9578715
30	-1033.972	-1221.532	187.5597	1.704803	2.556095	0.8537268
36	-1036.115	-1223.804	187.6886	1.558703	2.605626	0.8458314
42	-1043.203	-1230.875	187.672	1.676895	2.629939	0.6806247
48	-1034.529	-1222.378	187.8494	1.676895	2.266477	0.6890413
54	-1036.686	-1224.525	187.839	1.676895	2.151294	0.8003364
60	-1036.049	-1224.309	188.2601	1.61419	1.529568	0.8430875
66	-1038.349	-1226.13	187.781	1.548884	2.382876	0.8782173
72	-1027.8	-1215.628	187.8278	1.653225	2.214773	0.8004622
78	-1032.44	-1220.481	188.0408	1.653225	1.692075	0.9208061
84	-1034.35	-1221.844	187.4944	1.579462	2.322593	1.161581
90	-1041.824	-1229.752	187.9288	1.671199	2.096987	0.7217969
96	-1038.393	-1225.877	187.4837	1.547266	2.893047	0.9426214
102	-1036.827	-1224.45	187.623	1.319862	1.992926	1.418039
108	-1030.172	-1217.164	186.9922	1.192409	2.092805	1.919811
114	-1029.712	-1216.859	187.1467	1.166813	1.935729	1.894601
120	-1043.688	-1230.197	186.509	1.226578	2.51667	2.070847
126	-1042.672	-1229.651	186.9785	0.9156848	2.208422	2.070847
132	-1044.48	-1230.948	186.4679	1.026099	2.569786	2.2116
138	-1053.798	-1241.479	187.6812	1.030341	1.910731	1.626971
144	-1053.443	-1241.047	187.6039	1.307876	2.034981	1.423043
150	-1039.251	-1227.065	187.8149	1.192503	2.490901	1.144977
156	-1037.022	-1224.372	187.35	1.192503	2.423176	1.543672
162	-1040.479	-1227.974	187.4949	1.162707	1.623352	1.796558
168	-1043.341	-1231.183	187.8428	1.15389	1.629118	1.551782
174	-1031.989	-1219.893	187.9044	1.330712	1.935343	1.209529
180	-1045.018	-1232.483	187.4646	1.165606	1.958381	1.664821
186	-1042.134	-1228.848	186.7146	0.9952823	2.470271	2.102753
192	-1030.728	-1217.554	186.8265	0.9874529	1.761905	2.294323
198	-1036.621	-1224.13	187.509	1.015904	1.995418	1.723964
204	-1033.444	-1220.901	187.4568	1.08471	1.665613	1.856606
210	-1038.636	-1226.162	187.5263	1.12732	2.225673	1.537647
216	-1039.224	-1226.898	187.6742	1.195896	2.370415	1.311973
222	-1041.806	-1228.863	187.0573	1.308841	1.965931	1.846374
228	-1034.961	-1221.946	186.9852	1.09567	2.493962	1.846374
234	-1050.235	-1236.952	186.7169	1.312443	2.655746	1.828397
240	-1040.176	-1227.793	187.6162	1.312443	2.488759	1.214245
246	-1036.705	-1224.059	187.3537	1.32846	2.507296	1.406397
252	-1039.578	-1227.036	187.4582	1.390509	2.507296	1.273414
258	-1032.473	-1219.88	187.4068	1.314023	2.929163	1.217973
264	-1039.756	-1227.5	187.7444	1.456333	2.494768	0.9583763
270	-1039.409	-1227.337	187.9274	1.323681	2.164716	1.077888
276	-1056.665	-1245.096	188.4311	1.357973	1.659631	0.8357681
282	-1058.014	-1246.281	188.2665	1.581644	1.684693	0.7304104
288	-1057.284	-1245.076	187.7921	1.654934	2.245356	0.8232732
294	-1053.736	-1241.556	187.8204	1.773002	2.24401	0.5343538
300	-1050.595	-1236.73	186.1346	0.8629732	2.446544	2.56397
306	-1041.447	-1228.129	186.682	0.8629732	2.217933	2.294093
312	-1031.115	-1218.391	187.2755	1.026508	1.801629	1.958377
318	-1033.656	-1221.418	187.7626	1.206992	2.260181	1.277841
324	-1024.115	-1211.439	187.324	1.299371	2.038378	1.636008
330	-1043.773	-1231.681	187.908	1.077961	2.154218	1.311362
336	-1039.585	-1226.914	187.3297	1.094064	2.154218	1.73143
342	-1046.747	-1234.073	187.3255	1.079626	2.324047	1.680108
348	-1035.991	-1223.197	187.2057	1.049214	2.626996	1.680108
354	-1037.92	-1225.213	187.2936	1.222456	2.44272	1.555927
360	-1039.576	-1227.463	187.8866	1.241934	1.854544	1.338041
366	-1042.732	-1230.388	187.6555	1.241934	1.922249	1.484871
372	-1046.276	-1233.993	187.7162	1.169242	2.160808	1.388371
378	-1036.396	-1224.202	187.8058	1.440035	2.197199	1.066128
384	-1033.252	-1220.602	187.3494	1.162587	2.249784	1.631657
390	-1040.351	-1227.259	186.9079	1.271358	2.456814	1.791247
396	-1036.416	-1224.123	187.7075	1.149774	1.936894	1.508395
402	-1038.677	-1226.026	187.3486	1.199787	2.295729	1.587539
408	-1037.582	-1225.405	187.823	1.39406	1.880053	1.253078
414	-1022.631	-1210.415	187.7838	1.38848	2.123067	1.169736
420	-1030.45	-1218.275	187.8256	1.54133	2.251372	0.9139818
426	-1032.235	-1219.869	187.6345	1.465037	2.734085	0.9454141
432	-1040.718	-1228.658	187.9394	1.430574	1.998938	1.05468
438	-1042.454	-1230.431	187.9768	1.443965	1.944372	1.037069
444	-1040.563	-1228.192	187.6294	1.556475	2.487154	0.9776263
450	-1046.151	-1234.285	188.1345	1.639381	1.795873	0.7328678
456	-1045.761	-1233.384	187.6236	1.764844	2.587464	0.6407677
462	-1043.266	-1231.149	187.8825	1.771957	1.971578	0.7501951
468	-1043.645	-1231.22	187.5743	1.763478	2.764542	0.5291194
474	-1030.507	-1218.078	187.5705	1.778677	2.580347	0.7212981
480	-1052.455	-1240.653	188.198	1.427916	1.628465	1.034838
486	-1061.085	-1248.828	187.7435	1.358894	1.481032	1.551909
492	-1049.468	-1236.323	186.8558	2.53505	1.86061	0.1682749
498	-1039.45	-1226.362	186.9125	2.53505	1.86061	0.1836452
504	-1049.507	-1236.033	186.5269	2.53505	2.065135	0.1256062
510	-1030.172	-1217.991	187.819	1.827864	1.898042	0.8215598
516	-1026.552	-1214.424	187.8711	1.61715	2.063471	0.8944845
522	-1022.307	-1210.586	188.2789	1.401074	1.687746	0.9392063
528	-1026.204	-1214.539	188.3347	1.349197	1.413623	1.126331
534	-1024.234	-1212.078	187.8437	1.349197	1.800621	1.313601
540	-1035.929	-1223.231	187.3022	1.304202	2.390376	1.508538
546	-1033.591	-1221.454	187.8627	1.418901	2.085641	1.090598
552	-1040.906	-1228.508	187.6015	1.474717	1.740797	1.435715
558	-1037.508	-1224.902	187.394	1.421685	2.174797	1.436352
564	-1030.371	-1217.921	187.5502	1.278616	2.295883	1.375707
570	-1024.926	-1211.8	186.8742	1.3359	2.766445	1.665991
576	-1028.212	-1216.026	187.8133	1.567497	1.995011	1.046534
582	-1025.121	-1212.427	187.3057	1.328515	2.57721	1.417249
588	-1032.35	-1219.897	187.5473	1.079429	2.267853	1.540812
594	-1029.545	-1216.87	187.3256	1.272582	2.322085	1.540812
600	-1035.365	-1222.496	187.1307	1.272582	2.322085	1.682131
606	-1044.455	-1231.655	187.2	1.409234	2.691017	1.394958
612	-1043.455	-1230.723	187.2679	1.409234	2.712499	1.333488
618	-1058.737	-1245.716	186.9796	1.3054	3.050083	1.521351
624	-1055.754	-1242.581	186.8272	0.9364544	2.623922	2.018108
630	-1030.384	-1217.507	187.1231	1.104539	1.615331	2.089975
636	-1042.474	-1229.369	186.8954	1.104539	1.478828	2.300818
642	-1040.787	-1227.95	187.1637	1.06486	1.768277	2.021739
648	-1045.664	-1233.245	187.5804	1.34655	2.145539	1.362369
654	-1049.074	-1237.044	187.9701	1.347415	1.823119	1.198171
660	-1047.518	-1234.859	187.3408	1.479383	1.937141	1.535908
666	-1057.64	-1245.418	187.7779	1.447066	2.456242	0.9529894
672	-1063.131	-1250.441	187.3097	1.0735	2.957741	1.477067
678	-1060.313	-1247.637	187.3231	1.04639	1.979676	1.838418
684	-1058.227	-1245.167	186.9402	1.010186	1.797534	2.19185
690	-1057.71	-1245.148	187.438	0.9832898	1.867456	1.849488
696	-1053.165	-1240.571	187.4067	1.007862	2.191829	1.723329
702	-1034.14	-1221.9	187.7602	1.411848	2.250217	1.107994
708	-1034.233	-1221.907	187.674	1.626211	2.09314	1.069293
714	-1034.352	-1222.486	188.1344	1.552935	1.77636	0.8656286
720	-1040.509	-1228.618	188.1091	1.552935	2.004582	0.7071104
726	-1035.465	-1222.911	187.4467	1.762766	2.734122	0.8180731
732	-1040.515	-1228.446	187.9313	1.618976	2.15739	0.7468323
738	-1050.125	-1237.474	187.3498	1.618976	3.260074	0.839125
744	-1037.358	-1225.416	188.0584	1.560249	1.936184	0.8280699
750	-1032.914	-1220.719	187.8047	1.437952	2.264047	1.034854
756	-1038.815	-1225.696	186.8816	1.323633	3.198237	1.535337
762	-1039.434	-1226.949	187.5147	1.345666	2.416787	1.300762
768	-1040.414	-1227.801	187.3866	1.339778	2.371196	1.424906
774	-1041.551	-1228.933	187.3822	1.198113	2.466481	1.499412
780	-1039.996	-1227.914	187.9175	1.347436	1.821039	1.243783
786	-1035.081	-1222.645	187.5645	1.159623	1.95067	1.600442
792	-1032.645	-1220.492	187.8468	1.3566	1.777017	1.317349
798	-1031.584	-1219.725	188.1416	1.448232	1.653112	1.053257
804	-1028.229	-1216.203	187.9742	1.537147	2.069899	0.8634613
810	-1019.702	-1207.231	187.5294	1.425748	2.967129	0.9879975
816	-1033.125	-1220.766	187.6408	1.589408	2.629028	0.8530848
822	-1035.69	-1223.529	187.839	1.521575	2.635034	0.6524265
828	-1043.392	-1230.934	187.5415	1.761842	2.802631	0.6036118
834	-1045.202	-1232.974	187.7719	1.705943	1.867092	1.027402
840	-1051.267	-1239.173	187.906	1.741368	1.987034	0.7470774
846	-1040.49	-1228.048	187.5573	1.862154	2.590885	0.4802743
852	-1044.057	-1231.458	187.4012	1.901433	2.846659	0.4973698
858	-1048.164	-1235.817	187.6532	1.912205	2.294846	0.4609292
864	-1044.276	-1232.062	187.7853	1.914364	2.055386	0.516598
870	-1044.719	-1232.225	187.5052	1.402909	2.747594	1.124956
876	-1040.36	-1227.802	187.4424	1.33641	2.454721	1.350947
882	-1036.986	-1224.576	187.5905	1.902475	2.433613	0.454994
888	-1041.125	-1228.837	187.7115	2.092462	1.880841	0.4979435
894	-1043.717	-1231.504	187.7871	1.991433	1.902969	0.4267632
900	-1041.099	-1228.941	187.8427	1.77781	2.196089	0.4777169
906	-1038.117	-1225.981	187.8638	1.739192	2.196089	0.6023767
912	-1037.62	-1225.79	188.1699	1.725046	1.737144	0.510009
918	-1035.16	-1223.492	188.3314	1.550335	1.472306	0.884156
924	-1032.614	-1220.7	188.086	1.440987	1.921569	0.9435959
930	-1025.854	-1214.082	188.2276	1.532332	1.570387	0.9401058
936	-1027.588	-1215.252	187.6643	1.460794	2.221391	1.163759
942	-1021.759	-1209.678	187.9194	1.625031	2.099452	0.8009404
948	-1034.48	-1222.153	187.6735	1.643948	2.570016	0.7765097
954	-1035.065	-1222.881	187.8155	1.727984	2.307711	0.602056
960	-1029.225	-1217.221	187.9959	1.630376	1.999508	0.7673347
966	-1033.464	-1221.481	188.0165	1.753699	1.657649	0.8603903
972	-1035.663	-1223.452	187.7883	1.586065	2.091914	0.9981662
978	-1041.376	-1228.959	187.583	1.412166	2.65711	1.083564
984	-1051.717	-1239.328	187.6111	1.430504	2.797592	0.975716
990	-1045.262	-1232.874	187.6119	1.336341	2.797592	1.067235
996	-1049.562	-1236.91	187.3479	1.523372	2.76157	1.152147
1002	-1039.289	-1226.987	187.6975	1.574183	2.237002	1.020636
1008	-1037.946	-1225.44	187.4935	1.543736	1.989205	1.345792
1014	-1038.097	-1225.662	187.5653	1.681742	2.613459	0.8416135
1020	-1039.872	-1227.759	187.8864	1.681742	2.144349	0.7304597
1026	-1035.067	-1223.031	187.9643	1.610839	2.005671	0.8308221
1032	-1039.494	-1227.233	187.7384	1.440714	2.778749	0.8308221
1038	-1038.66	-1226.474	187.8145	1.783439	2.128865	0.6950191
1044	-1038.814	-1226.784	187.9702	1.789765	1.865409	0.6818314
1050	-1045.161	-1233.15	187.9895	1.823003	1.865409	0.4784577
1056	-1042.003	-1230.03	188.0267	1.823003	1.807376	0.4914115
1062	-1042.441	-1230.436	187.9945	1.645522	2.119917	0.616663
1068	-1047.209	-1235.032	187.8238	1.570808	2.116663	0.9633164
1074	-1045.977	-1233.752	187.7751	1.304869	1.690259	1.458385
1080	-1041.403	-1227.401	185.9981	0.9352522	2.095916	2.718498
1086	-1047.175	-1234.122	186.9471	0.9342707	2.418429	2.006567
1092	-1043.552	-1230.468	186.9157	1.356034	2.721022	1.636661
1098	-1037.904	-1225.144	187.2398	1.144065	2.319364	1.696985
1104	-1035.703	-1222.479	186.7757	1.159319	1.713367	2.237048
1110	-1036.978	-1223.351	186.373	1.038023	2.014529	2.451269
1116	-1019.985	-1206.073	186.0882	0.9985506	2.634621	2.451269
1122	-1025.542	-1212.407	186.8655	1.033449	1.863636	2.198202
1128	-1014.02	-1201.009	186.9893	1.032874	2.381305	1.9248
1134	-1020.953	-1208.601	187.6481	1.155065	2.292436	1.397133
1140	-1018.08	-1205.162	187.0822	1.132982	1.93881	1.959702
1146	-1019.252	-1205.692	186.4406	1.038692	2.401263	2.274635
1152	-1026.176	-1213.121	186.9448	0.9295863	2.342854	2.036871
1158	-1035.247	-1222.379	187.1318	1.036	1.827716	2.036871
1164	-1030.127	-1216.535	186.4078	1.046058	2.418438	2.285366
1170	-1030.444	-1217.083	186.6384	1.042401	2.325793	2.169696
1176	-1032.065	-1218.878	186.8133	0.8736713	2.325793	2.165644
1182	-1032.963	-1219.793	186.8298	0.8883088	2.266757	2.165644
1188	-1037.1	-1224.268	187.1681	0.778891	2.226472	2.029521
1194	-1040.485	-1227.945	187.4597	0.9955431	2.320009	1.645761
1200	-1031.329	-1218.464	187.1351	0.9777009	2.483292	1.828071
1206	-1033.635	-1220.637	187.0018	1.131101	2.442931	1.828071
1212	-1031.405	-1219.233	187.8284	1.131101	1.78699	1.501487
1218	-1034.379	-1221.629	187.25	1.445168	2.850265	1.268327
1224	-1031.567	-1219.03	187.4629	1.194992	2.577432	1.398813
1230	-1043.104	-1228.56	185.4551	0.8541695	1.638416	3.264085
1236	-1039.87	-1226.916	187.0461	0.743102	2.155167	2.158722
1242	-1048.843	-1235.559	186.716	1.098482	2.109919	2.158722
1248	-1042.398	-1229.295	186.8965	0.8877527	2.439309	2.063998
1254	-1044.011	-1230.836	186.8244	1.005863	2.117716	2.145562
1260	-1042.745	-1230.11	187.3641	1.040984	2.185466	1.732453
1266	-1042.007	-1229.854	187.847	1.255121	1.837287	1.367504
1272	-1033.225	-1220.957	187.7319	1.112669	1.506162	1.724171
1278	-1037.373	-1225.286	187.9124	1.174989	1.798989	1.398054
1284	-1042.531	-1229.962	187.4314	1.438378	2.066769	1.441329
1290	-1042.376	-1229.735	187.3596	1.203161	2.757117	1.407535
1296	-1055.161	-1242.699	187.5384	1.137243	1.978309	1.623627
1302	-1048.556	-1235.584	187.0276	1.137243	2.376301	1.82932
1308	-1037.64	-1224.541	186.9006	1.140426	1.98998	2.055427
1314	-1036.839	-1224.42	187.5817	1.355717	2.027628	1.406583
1320	-1036.615	-1224.028	187.4131	1.054371	1.856027	1.822615
1326	-1034.094	-1221.397	187.3034	0.9935226	2.588399	1.663244
1332	-1027.234	-1214.226	186.9915	1.088229	2.89812	1.716996
1338	-1032.281	-1220.008	187.7271	1.188966	1.622867	1.613866
1344	-1036.922	-1224.414	187.4923	0.9268162	1.776209	1.890313
1350	-1028.722	-1214.885	186.1625	0.9342492	1.951884	2.669612
1356	-1027.612	-1214.893	187.2809	1.077396	2.49313	1.652406
1362	-1027.547	-1214.359	186.8123	0.9457486	2.770798	1.976475
1368	-1035.562	-1222.086	186.5241	0.7533223	2.256773	2.450374
1374	-1039.666	-1225.821	186.1549	0.9243096	2.653691	2.450374
1380	-1049.277	-1235.136	185.859	0.7577275	2.718802	2.718388
1386	-1061.854	-1247.494	185.6394	0.9858267	1.858153	2.990691
1392	-1053.115	-1240.32	187.2056	1.185572	2.070672	1.786951
1398	-1048.599	-1236.223	187.6239	1.036794	1.639002	1.786951
1404	-1046.095	-1232.28	186.1844	0.698616	3.269986	2.406906
1410	-1036.516	-1222.864	186.3479	0.9268035	2.394499	2.406906
1416	-1037.231	-1223.568	186.3373	0.9361474	1.944871	2.562962
1422	-1040.765	-1226.533	185.7674	0.8290404	1.67817	3.077605
1428	-1046.014	-1231.749	185.7346	0.861584	2.04438	2.941152
1434	-1050.948	-1236.379	185.4304	0.8244004	2.640166	2.960263
1440	-1047.281	-1234.615	187.3338	0.9233024	2.573356	1.696719
1446	-1049.165	-1236.24	187.0751	1.037794	2.887722	1.696719
1452	-1043.051	-1230.788	187.7365	1.175801	1.731297	1.563356
1458	-1035.154	-1221.979	186.8248	1.141525	2.193255	2.028603
1464	-1034.075	-1221.214	187.1387	1.058655	1.809427	2.024954
1470	-1036.344	-1223.737	187.3935	1.126399	1.742381	1.836412
1476	-1031.972	-1219.393	187.4213	1.2418	1.894783	1.668737
1482	-1021.806	-1208.769	186.9623	1.035134	2.220354	1.998158
1488	-1030.256	-1216.983	186.7272	0.8259442	2.630789	2.154421
1494	-1026.338	-1213.926	187.588	1.213996	2.452446	1.333373
1500	-1037.627	-1224.371	186.7443	1.204186	2.120816	2.066916
1506	-1031.19	-1218.594	187.4039	1.092709	2.536876	1.535987
1512	-1037.597	-1225.123	187.5258	1.069443	2.058836	1.647755
1518	-1028.857	-1216.128	187.2712	1.090734	2.564384	1.624785
1524	-1033.744	-1221.394	187.6497	1.217597	2.233721	1.371403
1530	-1031.237	-1218.293	187.0562	1.329446	2.175201	1.750027
1536	-1023.698	-1211.101	187.403	1.127295	2.623607	1.479665
1542	-1029.702	-1215.926	186.2249	0.9923898	3.256619	2.196732
1548	-1050.311	-1237.738	187.4269	1.304399	2.429655	1.39812
1554	-1030.158	-1218.054	187.8967	1.53943	2.090987	0.934725
1560	-1030.082	-1217.901	187.8185	1.5813	2.172296	0.9249063
1566	-1032.723	-1220.507	187.7837	1.56955	2.245581	0.9323159
1572	-1032.345	-1220.02	187.6753	1.483143	2.245583	1.122528
1578	-1033.674	-1221.447	187.7729	1.304172	2.042476	1.288616
1584	-1035.67	-1223.265	187.5956	1.410715	2.364218	1.201491
1590	-1039.525	-1227.086	187.5614	1.330605	2.578661	1.208157
1596	-1047.327	-1234.861	187.5346	1.254865	2.817018	1.201515
1602	-1051.603	-1239.515	187.912	1.273296	1.567355	1.442574
1608	-1065.96	-1253.631	187.671	1.621974	2.152393	1.044691
1614	-1044.048	-1231.203	187.1541	1.455827	2.524366	1.455457
1620	-1036.72	-1224.377	187.6566	1.396931	2.753362	0.9839574
1626	-1033.786	-1221.425	187.639	1.559985	2.371012	1.022928
1632	-1030.073	-1217.864	187.7902	1.493777	2.269164	0.9913474
1638	-1028.367	-1216.216	187.8489	1.493777	2.306503	0.9084817
1644	-1027.156	-1215.099	187.9426	1.605564	1.893981	0.9389222
1650	-1033.554	-1221.786	188.2318	1.543501	1.701429	0.8177082
1656	-1036.68	-1224.608	187.9281	1.604098	2.104969	0.8129192
1662	-1028.729	-1216.49	187.7608	1.604098	2.548745	0.7204865
1668	-1029.231	-1216.947	187.7152	1.914514	2.165153	0.5691926
1674	-1038.397	-1226.179	187.7821	1.39411	2.096251	1.179438
1680	-1028.716	-1216.682	187.9658	1.788614	1.647997	0.8865085
1686	-1024.607	-1212.144	187.537	1.705385	2.544196	0.8865085
1692	-1026.206	-1213.934	187.7279	1.495309	2.619586	0.8667821
1698	-1017.626	-1205.399	187.7734	1.452177	2.619586	0.8640399
1704	-1018.007	-1205.611	187.6038	1.116887	1.991826	1.585115
1710	-1040.554	-1227.96	187.4061	1.074046	1.961838	1.769204
1716	-1038.071	-1225.186	187.1158	1.040609	1.837001	2.040564
1722	-1031.534	-1219.067	187.5324	1.049836	1.874166	1.734955
1728	-1040.594	-1228.412	187.8179	1.264257	2.098911	1.257962
1734	-1049.689	-1236.758	187.0692	1.261819	2.357218	1.720443
1740	-1039.564	-1226.719	187.1549	1.339447	2.524693	1.542067
1746	-1031.09	-1218.725	187.6348	1.137485	2.114766	1.494585
1752	-1026.917	-1214.457	187.5395	1.238468	2.114766	1.490305
1758	-1024.226	-1211.943	187.7168	1.279848	1.99176	1.376693
1764	-1029.632	-1217.46	187.8281	1.392299	2.134453	1.121396
1770	-1030.059	-1218.205	188.1458	1.326311	2.024389	0.9370943
1776	-1024.942	-1213.106	188.1638	1.347615	1.957653	0.9370943
1782	-1028.389	-1216.101	187.7123	1.285373	2.055461	1.346584
1788	-1019.78	-1207.359	187.5796	1.310138	1.917721	1.492689
1794	-1027.515	-1214.944	187.4292	1.302065	2.955127	1.199522
1800	-1034.466	-1221.853	187.3863	1.363053	2.371186	1.407198
1806	-1038.548	-1225.432	186.8838	1.226222	2.540696	1.810619
1812	-1042.594	-1229.911	187.3171	1.344859	3.284002	1.14172
1818	-1048.687	-1236.005	187.3171	1.344859	3.284002	1.14172
1824	-1047.485	-1235.028	187.5432	1.419423	2.344716	1.24694
1830	-1042.171	-1229.587	187.4163	1.164941	1.937422	1.708534
1836	-1040.553	-1227.946	187.3928	0.954263	2.358732	1.708534
1842	-1038.698	-1225.919	187.2203	0.954263	2.713261	1.708534
1848	-1044.837	-1231.73	186.893	0.970398	2.648562	1.943619
1854	-1025.858	-1212.987	187.1294	1.055959	2.009621	1.951601
1860	-1024.433	-1212.18	187.7463	1.194875	2.267861	1.297722
1866	-1023.965	-1211.651	187.6858	1.246303	2.166739	1.349024
1872	-1022.946	-1210.779	187.8329	1.558816	2.25586	0.8833121
1878	-1026.85	-1214.728	187.8781	1.616064	2.025038	0.912704
1884	-1034.045	-1221.481	187.4364	0.9784859	1.907574	1.836992
1890	-1042.749	-1230.329	187.5798	1.219904	2.654047	1.255781
1896	-1043.988	-1231.486	187.4978	1.361218	2.216795	1.385113
1902	-1045.294	-1232.866	187.5719	1.272171	2.428053	1.309322
1908	-1045.512	-1231.825	186.3129	1.184901	2.351027	2.279281
1914	-1043.15	-1230.478	187.3274	1.313108	2.733603	1.354968
1920	-1043.65	-1231.087	187.4378	1.35674	2.965626	1.14038
1926	-1046.813	-1234.51	187.6966	1.397969	2.914773	0.8605707
1932	-1038.03	-1225.698	187.6676	1.490682	2.763712	0.8645661
1938	-1044.806	-1232.512	187.7051	1.416978	2.151735	1.199334
1944	-1050.332	-1237.861	187.5289	1.545136	1.96345	1.328597
1950	-1047.19	-1234.493	187.3029	1.12301	2.275296	1.683528
1956	-1034.873	-1221.902	187.0287	1.060795	1.89657	2.060459
1962	-1027.581	-1214.833	187.2515	1.047982	2.188644	1.804851
1968	-1030.949	-1217.485	186.5362	0.9211809	2.918449	2.131934
1974	-1027.531	-1214.421	186.8901	0.9810236	1.73947	2.267118
1980	-1024.314	-1211.524	187.2105	1.220906	2.079217	1.755573
1986	-1021.976	-1209.317	187.3403	1.242953	1.804195	1.764958
1992	-1021.295	-1208.342	187.0475	1.040404	2.66597	1.784631
1998	-1020.156	-1206.959	186.8027	1.308837	1.942946	2.027212
2004	-1023.476	-1210.539	187.0624	1.271277	2.060714	1.830636
2010	-1040.716	-1228.213	187.4967	1.386947	2.519926	1.239273
2016	-1034.269	-1221.821	187.552	1.555154	2.389376	1.100863
2022	-1038.674	-1226.285	187.6109	1.38134	2.316247	1.23452
2028	-1046.226	-1233.176	186.9496	1.163836	2.794291	1.725618
2034	-1037.59	-1225.076	187.4863	1.159294	2.216598	1.547176
2040	-1034.998	-1222.526	187.5276	1.263611	2.037312	1.513463
2046	-1041.664	-1228.956	187.2927	1.285032	2.348497	1.54578
2052	-1048.457	-1235.7	187.2429	1.15256	2.231608	1.721638
2058	-1041.901	-1229.523	187.6215	1.258008	2.277992	1.343023
2064	-1038.594	-1225.675	187.0809	1.306977	2.396343	1.665908
2070	-1040.701	-1227.484	186.7822	1.105266	2.861583	1.861545
2076	-1045.079	-1231.755	186.6757	1.105266	2.987832	1.896795
2082	-1041.188	-1227.518	186.3297	1.038751	2.43929	2.333191
2088	-1046.254	-1232.934	186.68	1.101935	2.32677	2.103355
2094	-1052.859	-1239.871	187.0119	1.020892	2.6972	1.812713
2100	-1040.362	-1226.79	186.4287	0.9102554	3.279456	2.111593
2106	-1040.466	-1227.432	186.9665	1.197378	2.94929	1.641267
2112	-1039.266	-1226.612	187.3459	1.115411	2.94929	1.420175
2118	-1051.764	-1238.429	186.6651	1.008047	3.478011	1.836326
2124	-1056.481	-1243.885	187.4049	1.016131	2.133664	1.741313
2130	-1047.516	-1235.164	187.648	1.173305	1.801435	1.596734
2136	-1044.444	-1231.993	187.5494	1.196996	2.090065	1.52441
2142	-1056.179	-1243.359	187.1799	1.057633	1.503768	2.135584
2148	-1043.054	-1230.34	187.2862	1.057633	2.461581	1.673899
2154	-1036.633	-1223.178	186.5449	0.9939874	2.081107	2.346291
2160	-1021.117	-1208.397	187.2803	0.9479215	2.081107	1.894784
2166	-1032.123	-1218.954	186.8307	0.9891452	2.576663	1.995659
2172	-1026.424	-1213.696	187.2712	1.124652	2.132801	1.759322
2178	-1029.536	-1217.268	187.7321	1.074124	2.187616	1.438245
2184	-1031.037	-1218.297	187.2594	1.01048	2.795893	1.613466
2190	-1026.302	-1214.125	187.8233	1.167106	1.886594	1.430614
2196	-1035.172	-1222.354	187.1827	1.060556	3.456024	1.430614
2202	-1019.84	-1207.12	187.28	1.302031	2.331082	1.549318
2208	-1020.18	-1206.902	186.722	1.207952	2.8143	1.846808
2214	-1017.437	-1204.866	187.4286	1.242171	2.8143	1.301381
2220	-1008.751	-1196.136	187.3846	1.48671	2.728164	1.165489
2226	-1019.714	-1207.764	188.0502	1.63271	1.383685	1.1479
2232	-1014.628	-1202.451	187.8229	1.372896	2.125404	1.1479
2238	-1022.622	-1210.134	187.5122	1.372896	2.327518	1.317727
2244	-1023.729	-1211.544	187.815	1.42132	2.245058	1.050615
2250	-1022.76	-1210.116	187.3556	1.329814	2.155881	1.54232
2256	-1031.746	-1219.599	187.8531	1.4731	2.346197	0.9038643
2262	-1037.636	-1225.292	187.6557	1.467806	1.980942	1.280085
2268	-1036.076	-1223.901	187.8246	1.179645	2.158778	1.294499
2274	-1024.633	-1212.148	187.5154	1.283648	1.823151	1.602926
2280	-1026.965	-1214.645	187.6795	1.333115	2.023801	1.349264
2286	-1034.377	-1221.476	187.0988	1.225275	2.114798	1.816126
2292	-1028.219	-1215.133	186.9145	1.128263	2.665101	1.816126
2298	-1030.47	-1217.767	187.2969	1.080162	2.436857	1.658982
2304	-1038.736	-1225.711	186.9757	1.131369	2.436857	1.847881
2310	-1043.436	-1230.464	187.0288	1.105384	2.781207	1.715194
2316	-1042.047	-1229.529	187.4813	1.232667	2.066134	1.558486
2322	-1035.642	-1223.342	187.7002	1.232667	2.032995	1.407631
2328	-1040.926	-1228.137	187.2108	1.258876	2.583716	1.539233
2334	-1039.604	-1227.389	187.7849	1.315817	2.3622	1.119461
2340	-1038.799	-1224.995	186.1966	0.9813351	2.450759	2.450003
2346	-1045.71	-1232.969	187.2589	0.9737366	2.259817	1.824503
2352	-1051.445	-1239.048	187.6032	0.9427308	1.62108	1.874414
2358	-1050.993	-1238.634	187.6416	1.266781	1.627471	1.617173
2364	-1044.827	-1232.518	187.6911	1.149779	1.835685	1.56661
2370	-1043.376	-1231.121	187.7449	1.397147	2.539413	0.9961076
2376	-1046.644	-1234.697	188.0539	1.292772	1.788668	1.191909
2382	-1045.23	-1232.763	187.5334	1.292772	2.510813	1.290501
2388	-1047.261	-1233.83	186.5691	1.004612	2.164781	2.294249
2394	-1051.239	-1237.971	186.7315	1.004612	2.147907	2.195787
2400	-1047.483	-1234.895	187.4114	1.138027	2.325203	1.57549
2406	-1045.3	-1232.376	187.0764	1.163931	2.06078	1.894413
2412	-1034.437	-1221.393	186.956	1.055096	1.848343	2.131456
2418	-1036.772	-1222.292	185.5199	0.8103323	1.813097	3.183582
2424	-1042.345	-1229.71	187.3653	1.312871	1.948835	1.634518
2430	-1033.885	-1221.722	187.8363	1.386754	2.302087	1.034307
2436	-1030.719	-1218.514	187.7943	1.423281	2.047664	1.167534
2442	-1025.005	-1212.392	187.387	1.40854	2.309166	1.396244
2448	-1028.888	-1216.492	187.6045	1.119293	1.873487	1.6346
2454	-1033.648	-1220.981	187.3333	1.246299	1.712998	1.808625
2460	-1027.706	-1214.521	186.8149	1.131174	2.663311	1.882989
2466	-1038.44	-1226.071	187.6305	0.9902692	2.422249	1.485596
2472	-1045.411	-1232.636	187.2254	1.253788	2.716388	1.485596
2478	-1032.855	-1220.184	187.3294	1.246801	3.160442	1.257848
2484	-1035.139	-1222.853	187.7144	1.267407	1.970811	1.397964
2490	-1033.038	-1220.82	187.7817	1.267407	2.166366	1.254144
2496	-1025.345	-1213.032	187.6871	1.226569	2.377642	1.273404
2502	-1023.555	-1211.148	187.5929	1.394432	2.203664	1.288238
2508	-1022.084	-1209.109	187.0252	0.9603061	2.851576	1.797116
2514	-1028.813	-1214.813	186.0003	0.9147423	3.037455	2.446516
2520	-1032.049	-1219.058	187.0098	0.8291012	2.038791	2.169155
2526	-1023.651	-1210.181	186.53	1.015029	1.824787	2.439371
2532	-1019.915	-1206.693	186.7782	1.183883	2.831436	1.819509
2538	-1027.833	-1215.053	187.2201	0.8913987	2.517607	1.817345
2544	-1030.178	-1217.147	186.9686	0.9405677	2.179737	2.071276
2550	-1028.693	-1215.665	186.972	0.9780256	2.233441	2.024962
2556	-1034.687	-1220.71	186.0223	0.8986119	2.740294	2.524368
2562	-1033.625	-1220.485	186.8597	0.9726853	2.149397	2.132635
2568	-1036.802	-1223.754	186.9518	0.9734104	2.196498	2.054664
2574	-1031.196	-1218.977	187.7809	1.211446	1.846998	1.44794
2580	-1025.13	-1212.851	187.7212	1.174336	2.520484	1.229054
2586	-1027.534	-1214.974	187.4393	1.12735	2.357384	1.550579
2592	-1021.703	-1209.114	187.4115	1.320528	2.725514	1.284296
2598	-1027.673	-1214.788	187.1144	1.18995	1.96248	1.889943
2604	-1016.233	-1203.093	186.8602	1.026674	2.800065	1.880617
2610	-1017.638	-1205.037	187.3992	1.142584	1.915297	1.745719
2616	-1019.796	-1207.518	187.722	1.233993	1.724018	1.534612
2622	-1016.268	-1203.618	187.35	1.234536	2.474396	1.493263
2628	-1026.9	-1214.497	187.5964	1.028073	2.254844	1.547588
2634	-1029.52	-1216.46	186.9398	1.115294	2.206919	1.964453
2640	-1036.901	-1223.06	186.1594	1.028291	2.379285	2.466578
2646	-1041.658	-1228.912	187.2543	0.9891862	2.098338	1.877768
2652	-1038.892	-1226.626	187.7338	1.150508	1.969996	1.473148
2658	-1034.18	-1221.747	187.5673	1.08925	2.033366	1.614155
2664	-1026.261	-1214.291	188.0305	1.172252	1.962172	1.223311
2670	-1026.895	-1213.729	186.834	1.172252	2.073694	2.046314
2676	-1033.339	-1219.654	186.3156	1.172252	2.116166	2.366113
2682	-1030.7	-1217.668	186.9683	1.048109	2.133336	2.017318
2688	-1025.509	-1211.952	186.4426	1.16792	2.966749	2.017318
2694	-1037.163	-1223.893	186.7297	1.051839	2.439581	2.065703
2700	-1031.932	-1219.272	187.3405	1.03428	2.502607	1.637205
2706	-1030.848	-1218.158	187.31	1.035545	2.334584	1.718441
2712	-1036.392	-1224.067	187.6742	1.280093	1.650369	1.57229
2718	-1034.957	-1223.103	188.146	1.117406	2.110987	1.094187
2724	-1033.164	-1221.21	188.0461	1.369899	2.046366	0.9823427
2730	-1036.817	-1224.45	187.6331	1.324651	1.998601	1.403938
2736	-1031.635	-1218.394	186.7591	1.274015	2.191248	1.984881
2742	-1035.321	-1223.259	187.9381	1.443458	2.49099	0.7387376
2748	-1037.638	-1225.527	187.8896	1.557504	2.325643	0.7659536
2754	-1032.933	-1220.746	187.8133	1.525379	2.343128	0.8915555
2760	-1034.107	-1221.733	187.6258	1.388947	2.334542	1.207336
2766	-1035.405	-1223.443	188.038	1.442669	1.957249	0.9696059
2772	-1040.366	-1228.355	187.9895	1.403102	2.076571	0.9886083
2778	-1044.036	-1232.022	187.986	1.540367	2.110726	0.8162782
2784	-1051.763	-1239.844	188.0806	1.500965	1.917892	0.8858024
2790	-1044.895	-1232.558	187.663	1.256465	1.917892	1.470159
2796	-1040.141	-1227.438	187.2961	1.094144	1.90046	1.856842
2802	-1034.966	-1221.949	186.9833	1.018846	2.529158	1.888405
2808	-1031.916	-1219.201	187.285	1.100936	1.83277	1.888405
2814	-1030.717	-1217.765	187.0477	0.9956266	1.717517	2.16524
2820	-1032.666	-1219.857	187.191	0.9425998	2.408835	1.839395
2826	-1032.504	-1219.597	187.0933	1.047803	2.06508	1.959782
2832	-1033.432	-1220.318	186.886	0.9964552	1.879599	2.202491
2838	-1035.539	-1222.296	186.7569	0.8503046	1.96956	2.344065
2844	-1032.224	-1218.723	186.4987	1.011917	2.137591	2.344065
2850	-1036.794	-1224.019	187.2247	0.9400258	1.688827	2.098365
2856	-1029.32	-1215.803	186.4831	1.100694	2.406668	2.205659
2862	-1026.477	-1213.658	187.1815	1.192728	2.208069	1.745456
2868	-1023.301	-1210.677	187.3764	1.064724	1.913511	1.816416
2874	-1026.134	-1213.081	186.9467	1.073274	1.872341	2.115916
2880	-1042.437	-1229.422	186.985	0.9428788	2.196165	2.053003
2886	-1037.286	-1223.931	186.6448	0.8996712	1.840653	2.433464
2892	-1035.203	-1221.616	186.4133	0.8598836	2.315776	2.433464
2898	-1031.37	-1218.754	187.3843	1.186399	1.726248	1.808706
2904	-1033.468	-1220.836	187.3683	1.05862	1.802635	1.873469
2910	-1037.958	-1224.808	186.8506	1.085781	1.813277	2.194398
2916	-1040.129	-1228.193	188.0636	1.17884	1.701119	1.32591
2922	-1035.143	-1223.15	188.0071	1.191055	1.701119	1.361145
2928	-1030.328	-1218.263	187.9352	1.200725	2.087862	1.218081
2934	-1033.496	-1221.599	188.1038	1.440211	1.896489	0.941766
2940	-1043.195	-1230.924	187.7286	1.175841	2.09068	1.404072
2946	-1034.205	-1221.962	187.7569	1.416292	2.278711	1.093022
2952	-1041.462	-1228.974	187.5117	1.459737	2.499607	1.172799
2958	-1038.473	-1225.886	187.4127	1.432831	2.766274	1.172799
2964	-1044.285	-1231.807	187.5223	1.883062	2.590015	0.4174125
2970	-1053.988	-1241.846	187.8588	1.385958	2.58279	0.8620182
2976	-1057.53	-1245.76	188.2307	1.329037	1.573162	1.13218
2982	-1028.328	-1215.622	187.2943	1.464818	2.469118	1.360876
2988	-1039.808	-1227.408	187.6001	1.458598	1.750653	1.444199
2994	-1035.463	-1223.082	187.6192	1.471422	2.79082	0.9272915
3000	-1044.341	-1231.516	187.1747	1.390849	2.514274	1.492806
3006	-1039.146	-1226.802	187.6562	1.340109	2.301971	1.237317
3012	-1039.991	-1228.119	188.128	1.379097	1.877165	0.992225
3018	-1045.006	-1232.503	187.4972	1.396073	2.702403	1.156585
3024	-1037.086	-1224.64	187.5541	1.33602	2.171369	1.380144
3030	-1041.793	-1228.832	187.0399	1.197632	2.462841	1.748523
3036	-1045.873	-1233.032	187.1591	1.073744	2.472352	1.748523
3042	-1025.923	-1213.586	187.6633	0.9054661	1.833028	1.762382
3048	-1023.634	-1210.457	186.8227	1.047672	2.186913	2.094259
3054	-1016.741	-1204.167	187.426	1.132868	2.902874	1.359759
3060	-1027.797	-1215.614	187.8167	1.213346	2.296961	1.211074
3066	-1020.97	-1208.835	187.8643	1.313263	2.078597	1.186937
3072	-1027.354	-1214.962	187.6082	1.255966	1.796439	1.567743
3078	-1030.613	-1218.484	187.8711	1.473436	2.062937	1.04356
3084	-1033.043	-1221.135	188.0924	1.331918	1.787331	1.124389
3090	-1024.179	-1210.964	186.7846	1.122112	2.162961	2.079027
3096	-1034.315	-1222.077	187.7626	1.091389	1.867643	1.542242
3102	-1032.108	-1219.211	187.1036	1.091389	2.402176	1.799378
3108	-1030.175	-1217.461	187.2856	1.252693	2.134866	1.657828
3114	-1030.445	-1217.736	187.2917	1.178842	2.252075	1.660519
3120	-1032.066	-1219.693	187.6271	1.208941	2.214077	1.404101
3126	-1028.921	-1216.676	187.7556	1.294062	1.819736	1.4171
3132	-1028.101	-1215.595	187.4934	1.335783	2.343437	1.355812
3138	-1029.607	-1217.017	187.4099	1.159755	2.187992	1.61411
3144	-1038.417	-1225.622	187.2049	1.10118	2.714223	1.61411
3150	-1036.216	-1223.311	187.0944	1.181754	2.40325	1.742424
3156	-1041.769	-1228.56	186.7909	1.03267	2.47999	2.024563
3162	-1043.38	-1230.05	186.6702	1.127761	2.873693	1.918785
3168	-1042.065	-1229.27	187.2055	1.221101	3.150457	1.381582
3174	-1035.025	-1222.997	187.9725	1.391495	1.867845	1.133021
3180	-1055.462	-1242.755	187.2928	1.334114	2.795033	1.343622
3186	-1044.84	-1232.254	187.414	1.322799	2.795033	1.25428
3192	-1033.069	-1220.653	187.5845	1.402758	2.205527	1.287501
3198	-1041.617	-1229.507	187.8896	1.294324	2.155263	1.143746
3204	-1045.494	-1232.878	187.3841	1.314698	1.754657	1.706212
3210	-1037.234	-1224.404	187.1698	1.121438	2.437082	1.719833
3216	-1032.484	-1219.986	187.5014	1.304271	2.329456	1.380068
3222	-1034.251	-1222.323	188.0723	1.304271	1.859754	1.126218
3228	-1034.365	-1221.421	187.0567	1.11316	2.365192	1.829734
3234	-1036.663	-1223.563	186.9001	0.8112666	1.419009	2.511488
3240	-1037.86	-1224.726	186.8659	1.057665	2.074651	2.100453
3246	-1027.334	-1213.657	186.3232	0.9615096	2.193064	2.467384
3252	-1032.561	-1219.951	187.3897	0.9615096	1.80211	1.925088
3258	-1038.201	-1225.279	187.0778	0.847062	2.031787	2.115788
3264	-1051.109	-1238.193	187.0841	1.204482	2.115981	1.840089
3270	-1050.96	-1238.083	187.1235	1.016889	2.051995	1.96526
3276	-1054.42	-1242.053	187.6332	1.309744	2.16171	1.342588
3282	-1047.966	-1235.886	187.92	1.17807	1.690317	1.444529
3288	-1058.042	-1245.393	187.3506	1.156375	1.972356	1.746104
3294	-1049.755	-1237.515	187.7597	1.125568	1.686955	1.604593
3300	-1044.985	-1232.411	187.4259	1.085188	1.94601	1.754222
3306	-1039.811	-1226.846	187.0356	1.216175	2.217524	1.82694
3312	-1055.396	-1242.645	187.2482	0.9613407	2.736086	1.676274
3318	-1044.398	-1231.251	186.8528	1.166382	2.690883	1.824163
3324	-1040.585	-1228.157	187.5711	1.164799	2.676351	1.299624
3330	-1031.376	-1218.682	187.3057	1.109682	2.83088	1.494648
3336	-1030.226	-1217.727	187.5016	1.202019	1.576755	1.787205
3342	-1038.688	-1226.053	187.365	1.019865	1.783945	1.910142
3348	-1031.479	-1218.715	187.2364	1.264492	2.781335	1.446653
3354	-1037.422	-1224.925	187.5031	1.340749	2.502367	1.279398
3360	-1036.918	-1223.981	187.0633	1.111498	2.62662	1.736869
3366	-1038.509	-1226.116	187.6072	0.9865327	2.121114	1.623422
3372	-1034.352	-1221.677	187.325	1.160293	2.4404	1.579385
3378	-1026.066	-1213.627	187.5619	1.359434	1.684695	1.579385
3384	-1027.94	-1215.293	187.3532	1.03058	2.296213	1.705628
3390	-1029.989	-1217.267	187.2777	1.052421	1.84909	1.919301
3396	-1034.437	-1221.571	187.134	1.122189	2.271928	1.803793
3402	-1036.333	-1223.698	187.3651	1.132057	2.271928	1.633799
3408	-1041.157	-1228.193	187.0353	1.046087	2.30636	1.910991
3414	-1040.683	-1226.84	186.1571	0.9817206	2.834267	2.360721
3420	-1032.911	-1220.431	187.5198	0.8930441	2.24614	1.703868
3426	-1032.731	-1220.238	187.5064	0.8930441	1.65838	1.956237
3432	-1029.584	-1216.49	186.9054	1.192005	2.398797	1.867676
3438	-1031.102	-1217.461	186.3591	0.9750156	2.377813	2.374759
3444	-1029.709	-1216.697	186.9886	0.9011625	1.852406	2.208683
3450	-1029.743	-1216.868	187.1252	0.9902649	2.126813	1.953546
3456	-1021.709	-1209.451	187.7422	1.246109	1.927507	1.413015
3462	-1029.718	-1217.272	187.5536	1.294128	1.946361	1.511254
3468	-1030.681	-1218.054	187.3726	1.345476	2.639423	1.327999
3474	-1034.557	-1221.631	187.0741	1.15454	2.639423	1.694631
3480	-1042.348	-1229.463	187.1145	1.181719	2.583883	1.665234
3486	-1038.965	-1225.945	186.9797	1.188583	2.77749	1.692257
3492	-1035.195	-1222.195	186.9997	1.085221	2.966795	1.692257
3498	-1033.772	-1220.811	187.0396	1.230373	3.048457	1.53304
3504	-1036.98	-1224.159	187.1788	1.276357	2.287182	1.658169
3510	-1041.074	-1228.876	187.8024	1.350466	2.043265	1.225336
3516	-1029.287	-1216.773	187.4856	1.492539	2.81073	1.033071
3522	-1032.55	-1220.347	187.7969	1.542359	1.686805	1.254611
3528	-1036.812	-1224.333	187.5215	1.295292	1.910806	1.550171
3534	-1036.661	-1224.25	187.5898	1.239215	1.95974	1.519243
3540	-1039.292	-1226.973	187.6809	1.290111	2.046794	1.37161
3546	-1049.358	-1236.54	187.1821	1.315233	2.522607	1.540586
3552	-1037.804	-1225.091	187.2871	1.373188	2.596281	1.38989
3558	-1036.252	-1223.452	187.1998	1.287855	3.239563	1.304295
3564	-1037.867	-1225.725	187.8578	1.338156	1.803926	1.309434
3570	-1043.632	-1230.731	187.0988	1.225431	2.832212	1.561919
3576	-1039.146	-1226.684	187.538	1.250604	2.22784	1.435003
3582	-1049.841	-1237.651	187.8102	1.445216	2.591278	0.8443115
3588	-1043.632	-1231.326	187.6942	1.756871	2.38007	0.7167961
3594	-1049.518	-1237.421	187.9027	1.254645	1.818355	1.333155
3600	-1056.536	-1244.47	187.934	1.416608	2.095964	1.019417
3606	-1050.848	-1238.532	187.6838	1.579614	2.30663	0.9921657
3612	-1060.461	-1248.248	187.7868	1.518183	2.488367	0.8447716
3618	-1059.815	-1247.637	187.8218	1.520502	2.05384	1.050684
3624	-1057.271	-1244.943	187.6726	1.574672	2.225793	1.050039
3630	-1049.267	-1236.608	187.3413	1.1693	2.452366	1.556395
3636	-1046.818	-1234.707	187.8889	1.389218	2.215314	1.025795
3642	-1041.781	-1229.397	187.6166	1.276359	2.371052	1.293162
3648	-1034.358	-1221.597	187.2388	1.276359	2.051438	1.707862
3654	-1031.099	-1218.555	187.4555	1.275865	2.221835	1.481006
3660	-1028.834	-1216.289	187.4546	1.010056	2.03063	1.751848
3666	-1038.602	-1226.585	187.9833	1.158279	1.427614	1.552634
3672	-1053.564	-1241.49	187.9267	1.405166	1.695516	1.255948
3678	-1042.792	-1230.285	187.4924	1.182338	1.695516	1.75054
3684	-1045.229	-1231.904	186.6749	1.289836	1.77081	2.193645
3690	-1047.889	-1234.737	186.8484	1.350553	1.543371	2.141972
3696	-1037.862	-1225.8	187.9379	1.327612	2.019752	1.139523
3702	-1033.819	-1221.347	187.5279	1.34093	1.888904	1.521472
3708	-1034.791	-1221.709	186.9183	1.120784	1.888904	2.096706
3714	-1027.767	-1214.851	187.0843	0.8825737	2.180399	2.03292
3720	-1023.794	-1210.973	187.1782	1.063832	2.031715	1.904642
3726	-1035.27	-1222.773	187.5024	1.165144	2.328555	1.486556
3732	-1038.888	-1226.16	187.2715	1.165144	1.826351	1.856554
3738	-1051	-1237.834	186.8339	1.077309	1.473693	2.35973
3744	-1045.958	-1232.884	186.9263	0.717905	2.404248	2.167236
3750	-1042.502	-1228.968	186.4662	0.8312576	1.739914	2.627548
3756	-1048.5	-1235.412	186.9111	0.9281186	2.491319	2.010437
3762	-1039.164	-1226.052	186.8884	1.014797	1.733621	2.248936
3768	-1042.554	-1230.389	187.8343	1.065503	1.859426	1.511949
3774	-1044.595	-1232.461	187.8669	1.200164	2.269115	1.19192
3780	-1036.211	-1223.51	187.2994	1.193042	2.462082	1.566187
3786	-1046.375	-1233.309	186.9342	0.8857485	2.462082	2.03285
3792	-1031.253	-1218.191	186.9383	0.9656194	2.251692	2.04908
3798	-1028.564	-1215.996	187.432	1.177302	1.70116	1.793465
3804	-1041.713	-1229.361	187.6485	1.291229	2.277447	1.2948
3810	-1041.903	-1229.839	187.9361	1.051578	1.836565	1.456484
3816	-1044.111	-1232.047	187.9361	1.051578	1.836565	1.456484
3822	-1038.586	-1226.525	187.9391	1.161298	1.746678	1.414071
3828	-1037.767	-1225.586	187.8183	1.10693	1.687464	1.575236
3834	-1035.842	-1223.258	187.4165	1.201445	2.248466	1.554926
3840	-1034.612	-1222.063	187.4513	1.887659	2.764709	0.5136484
3846	-1036.207	-1223.736	187.5299	1.870463	2.579484	0.6211244
3852	-1032.556	-1219.97	187.4139	1.858213	2.633056	0.7974764
3858	-1035.014	-1222.379	187.3642	1.629751	2.822345	1.012579
3864	-1037.001	-1224.289	187.2881	1.425317	3.558089	0.9946527
3870	-1032.915	-1220.637	187.7226	1.425317	2.461785	1.028104
3876	-1035.618	-1223.339	187.7211	1.336007	2.322115	1.176403
3882	-1036.825	-1224.703	187.8771	1.282359	1.816019	1.33265
3888	-1036.999	-1224.546	187.547	1.293219	2.601846	1.242607
3894	-1045.504	-1232.752	187.2487	1.179515	2.231118	1.698686
3900	-1040.895	-1228.478	187.5837	1.332388	1.944902	1.460406
3906	-1044.091	-1231.75	187.6596	1.105626	2.256006	1.441365
3912	-1034.142	-1221.056	186.9142	1.07447	2.123862	2.039223
3918	-1041.558	-1227.833	186.2749	1.346849	2.105996	2.284478
3924	-1034.096	-1222.048	187.952	1.440166	1.711027	1.196339
3930	-1034.919	-1222.707	187.7875	1.389725	2.060031	1.196339
3936	-1045.529	-1232.701	187.1719	1.468125	2.05836	1.615705
3942	-1039.938	-1227.917	187.9787	1.438907	2.166245	0.9089431
3948	-1034.555	-1222.346	187.7909	1.316912	1.928381	1.318321
3954	-1030.803	-1218.752	187.9495	1.434255	1.524227	1.311032
3960	-1037.968	-1225.99	188.0215	1.419632	1.607435	1.21455
3966	-1033.191	-1220.674	187.4836	1.428602	1.983815	1.445702
3972	-1039.81	-1227.276	187.4666	1.344516	2.536758	1.292439
3978	-1047.617	-1235.686	188.0695	1.520761	1.937638	0.8617693
3984	-1042.915	-1230.545	187.63	1.482011	2.048853	1.256864
3990	-1041.741	-1229.702	187.9612	1.549015	1.874074	0.9910182
3996	-1041.096	-1229.184	188.0879	1.464805	1.874074	0.947139
4002	-1046.635	-1234.157	187.5225	1.468314	2.104083	1.329984
4008	-1042.326	-1230.371	188.0448	1.468314	1.866737	0.9927007
4014	-1036.863	-1225.186	188.3229	1.554351	1.61942	0.7539522
4020	-1041.721	-1229.614	187.8924	1.740375	2.080426	0.681164
4026	-1042.86	-1230.788	187.9276	1.708362	1.922393	0.8165216
4032	-1038.996	-1226.658	187.6619	1.593576	2.761758	0.7357501
4038	-1034.146	-1222.304	188.1582	1.425515	2.110369	0.7357501
4044	-1034.458	-1221.921	187.4625	1.425515	3.672288	0.7357501
4050	-1029.75	-1217.868	188.1175	1.425515	2.183701	0.7357501
4056	-1036.379	-1224.001	187.622	1.341792	2.755828	1.070331
4062	-1028.209	-1216.294	188.085	1.720209	1.719917	0.7599755
4068	-1027.614	-1215.716	188.1023	1.68505	1.747242	0.7599755
4074	-1032.719	-1220.5	187.7805	1.68505	2.316048	0.7461907
4080	-1054.347	-1242.133	187.7856	1.332665	2.15636	1.200457
4086	-1041.533	-1229.342	187.8087	1.322482	1.987641	1.270454
4092	-1047.826	-1235.642	187.8163	1.185833	2.216429	1.270454
4098	-1045.625	-1233.31	187.6859	1.418009	2.058329	1.259049
4104	-1051.739	-1238.724	186.985	1.171208	2.06212	1.950773
4110	-1046.146	-1233.713	187.5679	1.518093	2.158923	1.226702
4116	-1042.139	-1229.505	187.3665	1.262329	2.158923	1.582671
4122	-1042.35	-1229.298	186.9481	1.07064	2.837398	1.778406
4128	-1023.766	-1211.144	187.3776	0.9765013	2.067935	1.813693
4134	-1026.422	-1213.308	186.8867	1.272261	1.91562	2.006678
4140	-1023.117	-1210.891	187.7733	1.28335	1.6439	1.499682
4146	-1019.768	-1207.115	187.3468	1.368732	2.207562	1.498804
4152	-1031.18	-1218.139	186.9593	1.214204	2.868592	1.659565
4158	-1024.15	-1211.645	187.4949	1.39772	2.286663	1.32895
4164	-1025.921	-1213.766	187.8452	1.507733	2.128414	0.9990397
4170	-1028.449	-1216.572	188.1232	1.539824	1.627403	0.9990397
4176	-1025.74	-1213.158	187.4181	1.425581	2.164591	1.419174
4182	-1026.002	-1213.964	187.9615	1.242487	1.80192	1.303964
4188	-1029.498	-1216.707	187.2094	1.065715	1.780959	1.985254
4194	-1025.083	-1212.275	187.1923	1.241059	2.746888	1.509516
4200	-1037.899	-1226.116	188.2163	1.294295	1.529048	1.202762
4206	-1048.799	-1236.801	188.0012	1.139082	1.320654	1.614934
4212	-1052.713	-1240.708	187.9948	1.217366	1.82085	1.287494
4218	-1036.565	-1224.282	187.7167	1.319353	2.240184	1.231491
4224	-1042.757	-1230.713	187.9556	1.127488	1.928715	1.337991
4230	-1031.789	-1219.598	187.8088	1.282339	1.935666	1.32822
4236	-1029.02	-1217.013	187.9934	1.313304	2.039198	1.092015
4242	-1033.513	-1221.443	187.9294	1.344505	2.026313	1.128573
4248	-1030.538	-1218.352	187.8142	1.362623	2.026313	1.213333
4254	-1030.201	-1217.474	187.2728	1.193013	2.31708	1.639282
4260	-1033.784	-1221.2	187.4164	1.237721	1.780422	1.725985
4266	-1035.533	-1222.595	187.0623	1.293197	2.312247	1.719623
4272	-1043.456	-1231.187	187.731	1.293197	2.031767	1.336392
4278	-1045.631	-1233.564	187.9327	1.24449	2.05414	1.199338
4284	-1051.02	-1238.525	187.5056	1.328075	2.725144	1.199338
4290	-1051.935	-1239.952	188.0171	1.386052	2.258508	0.8683188
4296	-1029.038	-1216.966	187.9281	1.298175	1.84283	1.264563
4302	-1035.095	-1222.74	187.6455	1.26404	2.403887	1.265824
4308	-1041.023	-1228.969	187.9467	1.198948	1.898167	1.302593
4314	-1044.098	-1232.032	187.934	1.140772	1.719195	1.447657
4320	-1042.175	-1230.061	187.8857	1.235445	1.951718	1.296211
4326	-1034.32	-1222.015	187.6944	1.402453	2.806006	0.9129889
