Iteration	Posterior	Likelihood	Prior	rate_log_sd	rate_loss	tree_length
0	-1046.202	-1233.82	187.6183	1.200999	1.872798	1.565468
6	-1039.747	-1227.365	187.6172	1.173942	2.041788	1.511584
12	-1042.758	-1230.408	187.6494	1.420185	1.612084	1.506402
18	-1038.602	-1226.167	187.565	1.094114	2.689905	1.356161
24	-1037.143	-1224.299	187.1562	1.198136	2.138763	1.785886
30	-1031.468	-1218.562	187.0943	1.079428	2.483425	1.785886
36	-1035.858	-1223.414	187.5562	1.076555	1.704771	1.775495
42	-1035.032	-1222.08	187.0475	1.16941	1.704771	2.056999
48	-1044.698	-1232.465	187.7669	1.137711	2.374396	1.28228
54	-1052.394	-1239.674	187.2796	1.042119	2.240345	1.769982
60	-1038.249	-1225.926	187.677	1.298228	1.787043	1.489674
66	-1032.318	-1219.906	187.5885	1.209588	1.861582	1.586086
72	-1042.645	-1229.923	187.278	1.398153	2.283664	1.497732
78	-1036.893	-1224.844	187.9512	1.251192	2.229171	1.090444
84	-1035.933	-1223.827	187.8939	1.433475	2.061692	1.060629
90	-1035.025	-1222.877	187.8525	1.381876	2.348058	0.9996587
96	-1033.537	-1220.897	187.36	1.321356	3.009212	1.222357
102	-1030.134	-1217.728	187.5937	1.52379	2.383795	1.09406
108	-1027.352	-1215.278	187.9267	1.52379	2.095851	0.9160208
114	-1042.237	-1229.414	187.1764	1.124572	2.024238	1.867508
120	-1043.724	-1230.979	187.2548	1.251692	2.024238	1.72508
126	-1035.478	-1223.048	187.5702	1.242962	1.772759	1.615953
132	-1038.418	-1226.466	188.048	1.371662	1.566565	1.256778
138	-1037.16	-1224.958	187.798	1.398196	2.303226	1.05952
144	-1044.388	-1232.121	187.7333	1.255708	2.343277	1.225404
150	-1038.374	-1226.502	188.1282	1.401691	1.338827	1.307048
156	-1038.746	-1226.477	187.7313	1.280798	2.316547	1.217606
162	-1035.096	-1222.554	187.4572	1.403687	2.316547	1.341754
168	-1032.762	-1220.637	187.8743	1.481393	2.279346	0.9099353
174	-1044.597	-1232.525	187.9277	1.481393	2.180211	0.9099353
180	-1034.227	-1221.431	187.2047	1.327057	2.527253	1.51332
186	-1037.584	-1225.234	187.651	1.178094	2.047193	1.480768
192	-1031.28	-1218.9	187.62	1.183658	2.158926	1.452265
198	-1034.928	-1222.385	187.4572	1.218128	2.307668	1.488884
204	-1032.652	-1220.072	187.4202	1.174229	2.711366	1.399187
210	-1043.661	-1231.058	187.3965	1.457354	2.366906	1.326551
216	-1039.409	-1226.889	187.4796	1.201012	2.161056	1.54372
222	-1039.817	-1226.976	187.1581	1.191947	2.804285	1.552136
228	-1045.115	-1232.808	187.6937	1.143679	1.956801	1.514358
234	-1046.011	-1233.77	187.7586	1.27669	1.646664	1.514267
240	-1048.074	-1235.766	187.6922	1.108007	1.900233	1.567084
246	-1045.323	-1232.593	187.2701	1.172767	2.67224	1.528114
252	-1042.736	-1229.921	187.1843	1.247134	2.398995	1.63364
258	-1033.985	-1221.434	187.4485	0.961414	2.082577	1.769217
264	-1037.846	-1224.928	187.0818	1.193797	2.214158	1.811802
270	-1030.38	-1218.05	187.6696	1.129007	1.992209	1.527596
276	-1035.025	-1222.209	187.1841	1.133246	2.098719	1.827018
282	-1036.872	-1224.99	188.1184	1.240635	1.412015	1.397044
288	-1036.151	-1224.258	188.1074	1.619705	1.705807	0.8731396
294	-1050.309	-1237.259	186.9502	0.9160947	2.169966	2.103053
300	-1043.975	-1231.814	187.8388	1.246191	1.617297	1.492134
306	-1048.666	-1235.957	187.2902	1.261372	2.851829	1.383132
312	-1043.36	-1230.666	187.3065	1.282666	2.221636	1.586641
318	-1039.72	-1227.12	187.4	1.072063	1.865009	1.815602
324	-1048.902	-1235.469	186.5669	0.9368056	1.784658	2.481294
330	-1041.8	-1228.389	186.5896	1.002923	1.57249	2.515106
336	-1038.394	-1225.306	186.9124	1.064446	2.704735	1.848825
342	-1034.394	-1222.371	187.9776	1.267449	1.770458	1.286947
348	-1037.594	-1225.166	187.5719	1.256564	2.037021	1.485629
354	-1031.777	-1219.278	187.5012	1.167436	2.32863	1.485629
360	-1041.651	-1228.717	187.0663	1.088047	1.682481	2.107977
366	-1046.537	-1233.985	187.4481	1.225635	2.362652	1.468549
372	-1051.242	-1237.903	186.661	1.16707	2.378461	2.055421
378	-1045.207	-1232.324	187.1171	1.118129	1.680926	2.055421
384	-1047.189	-1234.606	187.4171	1.420556	2.212884	1.403411
390	-1049.394	-1236.937	187.5426	1.529564	2.066743	1.281295
396	-1049.338	-1236.487	187.1483	1.48348	2.795277	1.339672
402	-1041.216	-1228.383	187.1672	1.297305	2.384083	1.615279
408	-1041.903	-1229.264	187.3607	1.362139	2.675018	1.310742
414	-1046.751	-1233.666	186.915	1.422927	1.713196	1.972814
420	-1041.98	-1229.646	187.6651	1.259956	2.394885	1.256738
426	-1038.739	-1226.046	187.3068	1.115683	2.629068	1.558174
432	-1025.178	-1212.452	187.2739	1.288982	2.276713	1.584297
438	-1031.02	-1217.727	186.7069	1.225058	3.09065	1.76318
444	-1031.662	-1219.5	187.8387	1.250509	1.916022	1.339269
450	-1031.908	-1218.779	186.8713	1.308003	3.334888	1.514254
456	-1035.003	-1222.432	187.4286	1.263148	2.566255	1.376483
462	-1040.578	-1227.888	187.3096	1.566203	2.568106	1.226201
468	-1040.199	-1227.871	187.672	1.836348	2.401547	0.5523906
474	-1032.456	-1219.957	187.501	1.678656	2.661117	0.8945848
480	-1049.283	-1236.82	187.5364	1.828451	2.661117	0.6128666
486	-1045.172	-1233.077	187.9051	1.550979	2.362167	0.7234731
492	-1052.837	-1240.065	187.2273	1.201087	2.435577	1.622517
498	-1059.339	-1247.061	187.7221	1.261293	1.419102	1.672017
504	-1042.806	-1230.674	187.8687	1.240969	2.020668	1.272306
510	-1045.608	-1233.13	187.5217	1.228727	2.744411	1.262019
516	-1052.104	-1239.987	187.8826	1.407927	2.17072	1.037336
522	-1037.289	-1224.955	187.6652	1.495725	2.600866	0.9461763
528	-1040.319	-1228.135	187.8165	1.495725	2.389468	0.8946107
534	-1039.451	-1227.362	187.9103	1.700123	2.03541	0.7600764
540	-1048.729	-1236.777	188.0477	1.758015	1.806296	0.6651654
546	-1044.825	-1232.454	187.6286	1.716125	2.439017	0.8258486
552	-1048.192	-1236.232	188.0407	1.745504	1.833016	0.6703333
558	-1039.444	-1227.613	188.1684	1.560163	1.641578	0.9204167
564	-1035.519	-1223.26	187.7406	1.630351	2.174711	0.954289
570	-1034.357	-1222.121	187.7636	1.381679	1.960677	1.272067
576	-1038.46	-1225.229	186.7698	1.541776	1.960677	1.885759
582	-1032.702	-1220.352	187.6499	1.597899	2.296264	1.013128
588	-1030.056	-1217.644	187.5889	1.531934	2.227122	1.164758
594	-1031.277	-1218.404	187.1264	1.205189	2.459464	1.683333
600	-1030.676	-1217.493	186.8166	1.196331	2.459997	1.904188
606	-1034.43	-1221.613	187.1825	1.106371	1.953198	1.904188
612	-1032.77	-1219.956	187.1863	1.012579	2.258564	1.848145
618	-1038.717	-1225.146	186.4287	1.272444	2.503189	2.097829
624	-1040.354	-1227.889	187.5358	1.29896	2.572343	1.258918
630	-1047.46	-1234.562	187.102	1.344625	2.72189	1.508155
636	-1041.474	-1228.292	186.8176	1.286437	2.845143	1.716248
642	-1038.573	-1225.358	186.7842	1.303527	2.665103	1.785018
648	-1025.432	-1212.796	187.3643	1.303527	2.670622	1.356388
654	-1024.021	-1211.711	187.6906	1.329828	1.962789	1.371485
660	-1023.383	-1210.926	187.5429	1.282029	2.313505	1.371485
666	-1030.765	-1217.739	186.9737	1.282821	2.461378	1.735733
672	-1023.744	-1211.193	187.4495	1.48337	2.230756	1.320548
678	-1025.605	-1213.291	187.6851	1.347248	2.460067	1.136374
684	-1036.766	-1224.248	187.4816	1.037479	2.509252	1.529343
690	-1037.907	-1225.746	187.8393	1.391227	1.946352	1.207793
696	-1049.785	-1236.94	187.1554	1.276077	2.615521	1.556265
702	-1043.27	-1230.702	187.4319	1.638513	2.517197	1.075877
708	-1040.945	-1228.347	187.4018	1.450367	3.100433	1.034328
714	-1048.687	-1236.39	187.7029	1.298935	1.888142	1.421077
720	-1052.502	-1240.029	187.527	1.563682	3.002099	0.8189716
726	-1045.921	-1233.027	187.1064	1.70257	3.805631	0.7820613
732	-1039.837	-1227.575	187.738	1.639743	1.988701	1.053071
738	-1032.358	-1220.442	188.0844	1.617729	1.941347	0.7026733
744	-1030.888	-1218.425	187.5372	1.875166	2.599169	0.5455026
750	-1039.946	-1227.234	187.2881	1.981645	2.746977	0.7237795
756	-1037.26	-1225.326	188.066	1.478893	1.931616	0.9176339
762	-1046.635	-1234.319	187.6839	1.487128	2.486069	0.9933135
768	-1041.161	-1228.922	187.7607	1.540273	2.354241	0.9270556
774	-1051.056	-1238.627	187.5705	1.869862	2.380783	0.7333818
780	-1048.353	-1235.793	187.4399	1.927093	2.685903	0.5681036
786	-1048.052	-1235.552	187.4997	2.075663	2.246505	0.4089189
792	-1032.179	-1219.764	187.5843	2.046057	2.145548	0.4089189
798	-1035.154	-1222.802	187.6478	2.009542	2.052946	0.3656328
804	-1039.041	-1226.465	187.424	2.009542	2.554152	0.4546787
810	-1035.537	-1223.33	187.7927	1.636158	2.554152	0.5702722
816	-1038.317	-1226.215	187.8976	1.896708	1.895025	0.5216332
822	-1041.208	-1229.175	187.9669	1.788812	1.95956	0.5165555
828	-1025.274	-1213.11	187.8362	1.962186	1.869198	0.584115
834	-1037.173	-1224.741	187.5682	1.843695	2.59125	0.5666197
840	-1042.04	-1229.451	187.4115	1.943803	2.729732	0.5015242
846	-1040.461	-1227.79	187.3298	2.01531	2.729732	0.4319293
852	-1053.025	-1240.407	187.3818	1.949426	2.78251	0.4962771
858	-1054.46	-1242.194	187.7341	1.717144	2.456062	0.6437409
864	-1052.759	-1240.166	187.4067	1.732797	2.456062	1.038989
870	-1047.057	-1234.516	187.459	1.567298	2.661062	1.052585
876	-1048.28	-1235.716	187.4357	1.4651	2.451819	1.25303
882	-1049.627	-1237.377	187.7505	1.387683	1.943639	1.286253
888	-1049.181	-1236.648	187.4674	1.329151	2.148802	1.461926
894	-1041.299	-1228.327	187.0276	1.352696	2.148802	1.763927
900	-1040.014	-1227.382	187.3679	1.257228	2.267315	1.54223
906	-1039.629	-1226.656	187.0275	1.293588	2.919977	1.535745
912	-1040.616	-1227.775	187.1585	1.105907	2.899986	1.583914
918	-1045.006	-1232.58	187.5745	1.497137	2.918539	0.8854245
924	-1033.31	-1221.148	187.8384	1.458905	1.948356	1.148719
930	-1054.161	-1241.418	187.2571	1.069277	2.311292	1.740498
936	-1049.565	-1236.099	186.5347	1.0107	2.311292	2.262025
942	-1044.065	-1231.348	187.2836	1.202551	2.560254	1.535363
948	-1044.77	-1231.969	187.1987	1.248201	2.196619	1.69866
954	-1040.249	-1226.745	186.496	1.390025	2.949284	1.836303
960	-1032.731	-1220.161	187.4307	1.252228	2.026719	1.597817
966	-1036.168	-1222.39	186.2216	1.124879	2.807267	2.235702
972	-1038.736	-1225.147	186.4111	1.084785	2.72172	2.164105
978	-1035.963	-1221.896	185.933	0.7789461	2.72172	2.659079
984	-1027.088	-1213.051	185.9629	0.7687035	2.72172	2.646958
990	-1027.005	-1213.753	186.7479	1.166034	1.839841	2.198081
996	-1035.034	-1222.457	187.4225	1.367419	2.677491	1.254789
1002	-1043.715	-1231.617	187.9022	1.234133	2.438355	1.050495
1008	-1038.379	-1225.694	187.3149	1.020087	1.490284	2.078159
1014	-1040.768	-1227.897	187.1292	1.055592	2.091885	1.920069
1020	-1035.939	-1223.313	187.3734	1.221279	2.275779	1.561349
1026	-1030.037	-1217.512	187.4753	1.294533	2.391341	1.383165
1032	-1027.727	-1215.302	187.5747	1.377204	2.391341	1.235873
1038	-1033.737	-1221.255	187.5178	1.129883	2.759691	1.339845
1044	-1039.058	-1226.637	187.5797	1.391665	1.549898	1.611008
1050	-1034.721	-1222.592	187.8706	1.425543	2.008722	1.117846
1056	-1050.175	-1237.815	187.6396	1.416801	2.177728	1.242887
1062	-1061.94	-1247.791	185.8511	0.6596559	1.511315	3.198111
1068	-1063.841	-1249.692	185.8511	0.6596559	1.511315	3.198111
1074	-1046.91	-1233.517	186.6069	1.26366	2.437199	2.007454
1080	-1048.706	-1234.851	186.1441	0.9021861	2.289231	2.583875
1086	-1044.335	-1231.947	187.6122	1.133282	1.685044	1.705701
1092	-1040.287	-1227.828	187.5414	1.193813	1.751638	1.681754
1098	-1045.141	-1232.212	187.0709	1.193813	1.556961	2.092586
1104	-1041.911	-1229.14	187.2288	1.146979	1.556961	2.019187
1110	-1044.582	-1230.935	186.353	1.14701	2.198258	2.329581
1116	-1050.612	-1237.546	186.9336	1.01146	1.601927	2.279233
1122	-1045.808	-1232.334	186.5263	1.215871	2.413342	2.100277
1128	-1043.825	-1231.183	187.3583	1.112254	1.570389	1.949487
1134	-1045.918	-1231.949	186.0309	1.080867	1.662113	2.773289
1140	-1031.838	-1218.245	186.4069	1.020388	2.114802	2.404942
1146	-1044.784	-1231.239	186.4548	0.9584277	2.114802	2.413805
1152	-1042.252	-1229.4	187.1477	1.025091	2.114802	1.919425
1158	-1040.082	-1227.713	187.6311	1.129457	1.509586	1.781168
1164	-1042.359	-1229.559	187.2	1.107153	2.237582	1.781168
1170	-1041.592	-1229.299	187.7068	0.9395371	1.502363	1.863528
1176	-1040.572	-1227.227	186.655	0.8631566	1.767984	2.478986
1182	-1034.496	-1221.675	187.1789	0.9992514	2.215949	1.877938
1188	-1038.107	-1225.559	187.4521	1.073041	2.216123	1.635213
1194	-1047.839	-1234.064	186.2248	0.9861299	2.610741	2.380091
1200	-1044.28	-1231.57	187.2894	1.306836	2.13014	1.617992
1206	-1042.622	-1229.389	186.7672	1.1996	2.544347	1.907384
1212	-1042.073	-1228.969	186.8958	1.038916	3.049195	1.773303
1218	-1035.861	-1223.428	187.5673	1.194983	1.94309	1.575936
1224	-1036.26	-1223.588	187.3279	1.400261	3.091258	1.152231
1230	-1042.559	-1230.201	187.6428	1.39094	2.567028	1.087483
1236	-1046.33	-1234.064	187.7342	1.39094	1.947443	1.294989
1242	-1045.084	-1232.249	187.1644	1.120806	2.802662	1.60009
1248	-1040.761	-1227.919	187.1576	1.18293	2.081826	1.817601
1254	-1045.726	-1233.119	187.3926	1.10168	2.115206	1.696952
1260	-1034.525	-1221.738	187.2125	0.915353	1.89317	2.036407
1266	-1040.002	-1226.779	186.7777	0.9166273	2.296591	2.170842
1272	-1048.388	-1235.731	187.3431	1.346874	1.86092	1.664469
1278	-1049.641	-1237.375	187.7335	1.420332	2.293141	1.103768
1284	-1048.919	-1236.605	187.686	1.147919	2.143726	1.435579
1290	-1043.867	-1231.311	187.4433	1.237788	2.143726	1.550481
1296	-1043.674	-1230.979	187.305	1.363736	2.794285	1.310373
1302	-1049.984	-1237.282	187.2979	1.364463	2.526647	1.414387
1308	-1045.328	-1233.088	187.7596	1.316742	1.783344	1.414387
1314	-1038.589	-1225.471	186.8817	1.153208	2.485942	1.880523
1320	-1037.652	-1224.718	187.0657	1.121929	2.363344	1.818153
1326	-1048.476	-1235.641	187.1653	1.206067	2.488715	1.644583
1332	-1048.948	-1236.316	187.3681	1.459708	2.488715	1.298017
1338	-1041.582	-1229.457	187.8752	1.51198	2.225824	0.9067104
1344	-1045.051	-1232.479	187.4285	1.244866	2.550095	1.396978
1350	-1060.594	-1248.141	187.5473	1.236497	2.323079	1.399754
1356	-1051.185	-1238.95	187.7646	1.09079	1.908452	1.522596
1362	-1047.479	-1235.224	187.7443	1.111139	1.908452	1.522596
1368	-1042.413	-1229.891	187.4782	1.111139	1.590591	1.859223
1374	-1041.738	-1229.557	187.8191	1.242514	1.738817	1.447878
1380	-1048.58	-1236.473	187.8926	1.387932	2.112196	1.07769
1386	-1058.024	-1245.98	187.9562	1.287815	2.03639	1.150077
1392	-1048.555	-1235.893	187.338	1.336399	2.411788	1.448957
1398	-1044.715	-1230.738	186.0233	0.9591026	2.056703	2.702141
1404	-1043.184	-1230.242	187.0579	1.165653	1.86677	1.98353
1410	-1042.764	-1229.796	187.0319	1.191721	1.86677	1.98353
1416	-1043.938	-1230.458	186.5195	1.132321	2.998974	1.980596
1422	-1049.473	-1236.282	186.8088	0.9548334	2.801826	1.963385
1428	-1034.539	-1221.238	186.6994	1.197115	2.801826	1.873529
1434	-1032.944	-1220.495	187.5511	1.354636	2.245009	1.336162
1440	-1028.641	-1216.175	187.5339	1.08486	2.285437	1.539804
1446	-1032.706	-1219.323	186.6171	1.095932	1.988526	2.269346
1452	-1028.648	-1215.664	187.016	1.040288	2.135857	1.989785
1458	-1028.347	-1215.226	186.8791	0.9121286	2.135857	2.164346
1464	-1030.813	-1218.097	187.2845	1.196076	2.321639	1.626947
1470	-1039.159	-1226.632	187.4728	1.196076	2.487173	1.424267
1476	-1034.556	-1221.523	186.967	1.200178	2.487173	1.789203
1482	-1038.642	-1226.419	187.7769	1.200178	2.454579	1.187284
1488	-1039.973	-1227.345	187.3725	1.168835	2.225836	1.619718
1494	-1041.161	-1228.885	187.7243	1.20563	1.934458	1.454625
1500	-1051.114	-1239.12	188.0056	1.235673	1.934458	1.204723
1506	-1047.674	-1235.493	187.8182	1.315514	2.175656	1.177936
1512	-1045.67	-1233.398	187.728	1.287702	2.554039	1.109815
1518	-1043.779	-1230.867	187.088	1.273615	2.554039	1.628606
1524	-1033.624	-1221.201	187.577	1.149084	2.477474	1.383591
1530	-1026.904	-1214.414	187.5107	1.106729	2.433237	1.483949
1536	-1036.159	-1223.926	187.7662	1.117633	2.021885	1.450327
1542	-1027.186	-1214.817	187.631	1.126077	2.249379	1.450327
1548	-1031.031	-1218.696	187.6651	1.390477	2.567945	1.066701
1554	-1044.06	-1231.712	187.6512	1.185845	2.303332	1.366133
1560	-1035.684	-1223.918	188.234	1.345521	1.631328	1.076998
1566	-1032.328	-1219.78	187.4516	1.128433	2.773428	1.388313
1572	-1022.713	-1210.266	187.553	1.149473	1.967769	1.608747
1578	-1022.238	-1209.285	187.047	1.083062	2.298303	1.880768
1584	-1034.071	-1221.43	187.3591	1.108104	2.267564	1.657043
1590	-1022.917	-1210.055	187.1386	1.095275	2.154452	1.862873
1596	-1029.241	-1216.379	187.1379	1.100988	2.562151	1.713396
1602	-1037.701	-1224.418	186.7164	1.045921	2.079384	2.203749
1608	-1034.422	-1221.929	187.5075	1.142272	1.861838	1.692682
1614	-1045.287	-1233.069	187.7823	1.083691	2.204849	1.384706
1620	-1028.409	-1216.123	187.7139	1.084586	2.33189	1.384706
1626	-1032.272	-1219.476	187.2045	1.084586	2.668118	1.641852
1632	-1023.105	-1210.517	187.4127	1.106694	2.181559	1.652851
1638	-1036.409	-1223.655	187.2463	1.162283	2.23933	1.709403
1644	-1027.507	-1215.152	187.6454	1.162283	2.23933	1.41559
1650	-1031.249	-1218.913	187.664	1.235678	2.331356	1.304356
1656	-1036.944	-1224.968	188.0238	1.224885	1.698958	1.321993
1662	-1032.461	-1219.958	187.4967	1.228581	2.395364	1.416271
1668	-1039.423	-1226.362	186.9387	1.057254	2.201758	2.005818
1674	-1038.674	-1226.174	187.4996	1.228411	2.594797	1.336976
1680	-1047.982	-1236.054	188.0715	1.28703	1.789103	1.181463
1686	-1044.182	-1231.817	187.6349	1.421384	1.885528	1.380016
1692	-1036.644	-1224.648	188.0049	1.670513	1.885528	0.7941648
1698	-1033.203	-1221.369	188.1654	1.554571	1.578212	0.9761403
1704	-1024.387	-1212.058	187.6715	1.625658	2.272442	0.9761403
1710	-1030.06	-1218.039	187.9792	1.523387	2.272524	0.7240069
1716	-1039.144	-1226.879	187.7351	1.61597	2.272524	0.9190858
1722	-1046.649	-1234.466	187.8176	1.370091	1.960724	1.236745
1728	-1039.977	-1227.59	187.6133	1.481731	1.722336	1.430546
1734	-1034.045	-1221.769	187.7236	1.477725	1.914634	1.248519
1740	-1036.561	-1223.749	187.188	1.447166	3.392576	1.127841
1746	-1037.85	-1225.853	188.0027	1.478359	1.694661	1.127841
1752	-1038.794	-1226.529	187.7347	1.541702	2.22647	1.021596
1758	-1028.864	-1216.437	187.5722	1.535831	2.63384	0.9848489
1764	-1033.98	-1221.822	187.8417	1.489906	2.265875	0.9438891
1770	-1048.629	-1236.607	187.9781	1.177033	1.571154	1.463554
1776	-1044.551	-1232.18	187.6292	1.402887	2.351242	1.18505
1782	-1040.482	-1228.017	187.5348	1.492147	2.084401	1.309925
1788	-1031.118	-1218.627	187.5087	1.172352	2.084401	1.574957
1794	-1033.505	-1220.546	187.0406	1.249835	2.23109	1.795217
1800	-1028.781	-1216.196	187.4143	1.263028	1.967212	1.627192
1806	-1030.35	-1217.769	187.4187	1.374015	2.523157	1.312771
1812	-1029.517	-1216.915	187.3986	1.26072	2.895873	1.281322
1818	-1036.277	-1223.679	187.4015	1.178298	2.220513	1.593867
1824	-1026.781	-1214.004	187.2227	1.161734	2.177716	1.749902
1830	-1040.297	-1228.065	187.7675	1.290256	1.880006	1.381534
1836	-1044.331	-1232.005	187.6739	1.195362	2.206178	1.381534
1842	-1035.154	-1222.453	187.2994	1.291914	2.46372	1.492188
1848	-1032.677	-1220.208	187.5311	1.1849	2.222823	1.492188
1854	-1036.784	-1224.299	187.5158	1.171774	2.253759	1.501072
1860	-1033.218	-1220.684	187.466	1.221594	2.253759	1.501072
1866	-1035.602	-1222.764	187.1619	1.241456	3.246706	1.369303
1872	-1033.509	-1220.677	187.1674	1.012465	2.128544	1.9094
1878	-1025.6	-1212.836	187.2361	0.9997687	2.132704	1.86977
1884	-1023.982	-1211.077	187.0953	1.125118	2.157972	1.870733
1890	-1028.201	-1215.478	187.2768	1.205992	2.249689	1.652655
1896	-1029.654	-1216.926	187.2727	1.345055	1.945347	1.679262
1902	-1029.653	-1217.302	187.6493	0.9684205	1.945347	1.679262
1908	-1029.73	-1217.08	187.3501	1.161846	2.014424	1.725235
1914	-1036.866	-1224.452	187.5862	1.163683	2.023748	1.550026
1920	-1038.487	-1225.752	187.2647	1.112895	2.498789	1.636507
1926	-1036.598	-1223.675	187.0777	1.276551	2.792979	1.552757
1932	-1030.952	-1218.374	187.4221	1.455726	2.967781	1.063225
1938	-1030.321	-1217.984	187.663	1.430854	2.335784	1.137808
1944	-1032.33	-1220.122	187.7919	1.435418	1.998232	1.184059
1950	-1037.893	-1225.342	187.4487	1.290887	2.476471	1.373367
1956	-1034.513	-1221.77	187.2574	1.461828	1.868464	1.640132
1962	-1034.999	-1221.524	186.5249	1.05521	2.064743	2.326044
1968	-1036.055	-1223.215	187.1596	0.9311202	1.761269	2.115635
1974	-1035.24	-1221.865	186.6255	0.8344216	1.543745	2.610189
1980	-1037.725	-1224.97	187.2445	1.072364	2.024783	1.856415
1986	-1036.785	-1223.912	187.1272	1.109887	2.165851	1.856415
1992	-1034.936	-1221.527	186.5906	0.9878453	2.702848	2.115903
1998	-1037.401	-1224.797	187.3964	1.175109	2.843094	1.370516
2004	-1036.063	-1223.271	187.2084	1.031477	2.337517	1.791263
2010	-1033.679	-1220.519	186.8402	0.9254231	2.337517	2.110381
2016	-1032.538	-1219.667	187.1294	1.122258	1.847208	1.972911
2022	-1037.666	-1224.337	186.6712	0.9947306	1.993568	2.297628
2028	-1029.04	-1216.081	187.0418	0.9947306	2.35877	1.922895
2034	-1034.464	-1221.327	186.8632	1.11787	2.35877	1.960284
2040	-1041.906	-1229.356	187.4492	0.9069062	2.221369	1.75313
2046	-1049.566	-1236.116	186.5501	0.7565316	1.788008	2.602635
2052	-1051.253	-1237.768	186.5146	0.6415982	2.035209	2.602635
2058	-1049.142	-1235.621	186.4793	0.7509277	2.084816	2.539045
2064	-1051.385	-1237.843	186.4578	0.8169032	2.084816	2.511335
2070	-1038.436	-1226.435	187.9991	1.402462	2.194938	0.9093112
2076	-1031.502	-1218.899	187.3967	1.220312	2.981541	1.285715
2082	-1033.492	-1220.595	187.103	1.197281	2.314401	1.757598
2088	-1043.484	-1230.408	186.9245	0.8896506	2.314401	2.08643
2094	-1037.852	-1224.834	186.9825	1.023047	1.980422	2.082506
2100	-1039.749	-1226.602	186.8529	0.7823459	1.963263	2.328645
2106	-1037.943	-1224.905	186.9613	0.8474891	2.030101	2.191947
2112	-1027.32	-1214.684	187.364	0.9333062	2.064279	1.854181
2118	-1024.666	-1211.755	187.0886	1.251899	2.871672	1.537026
2124	-1028.577	-1216	187.423	1.416828	2.871672	1.136306
2130	-1023.697	-1211.434	187.7369	1.400708	1.95509	1.281099
2136	-1040.295	-1227.144	186.8489	1.400708	2.477274	1.735031
2142	-1029.247	-1216.959	187.712	1.400708	2.645739	0.9743362
2148	-1028.195	-1215.801	187.6063	1.369656	2.607237	1.122697
2154	-1029.098	-1216.584	187.4865	1.215418	2.607237	1.352985
2160	-1028.914	-1216.44	187.5257	1.037473	2.240007	1.598395
2166	-1034.197	-1221.18	186.983	1.005689	2.361236	1.9543
2172	-1040.342	-1227.527	187.185	1.057261	3.203376	1.506189
2178	-1031.552	-1219.558	188.0056	1.439659	1.879884	1.051202
2184	-1029.739	-1217.412	187.6729	1.526149	2.627766	0.8903571
2190	-1022.599	-1210.48	187.8816	1.528075	2.210998	0.8903571
2196	-1027.364	-1214.877	187.5127	1.39389	2.591528	1.190445
2202	-1030.57	-1218.279	187.7089	1.287518	2.261099	1.255312
2208	-1028.673	-1216.543	187.8701	1.468431	2.462319	0.8188241
2214	-1036.524	-1224.114	187.5894	1.468431	2.668366	1.018802
2220	-1040.215	-1227.221	187.0068	0.9763758	2.785213	1.819246
2226	-1039.045	-1226.041	186.9956	1.072409	2.614481	1.815196
2232	-1030.992	-1218.68	187.6878	1.07671	1.714401	1.67828
2238	-1033.26	-1220.417	187.157	1.154897	2.051925	1.849043
2244	-1043.633	-1230.632	186.9987	1.128112	2.05825	1.971963
2250	-1041.432	-1228.539	187.1069	0.8119139	2.447102	1.971963
2256	-1038.175	-1225.658	187.483	0.975779	2.160446	1.704285
2262	-1039.521	-1227.042	187.5206	1.093195	1.944279	1.682543
2268	-1041.509	-1229.08	187.5707	1.18118	1.957456	1.577238
2274	-1028.896	-1215.717	186.8205	1.144194	2.288139	1.99585
2280	-1036.669	-1223.362	186.6926	1.032052	2.144242	2.204516
2286	-1040.498	-1226.859	186.3605	0.9104391	1.925039	2.571923
2292	-1053.682	-1240.383	186.7008	0.7378583	1.66279	2.571923
2298	-1061.122	-1248.197	187.0745	0.7378583	1.66279	2.337237
2304	-1040.515	-1227.956	187.441	1.035178	1.554667	1.953224
2310	-1033.98	-1221.584	187.6042	1.209209	2.285268	1.392115
2316	-1035.443	-1223.23	187.7877	1.446989	2.317587	1.015057
2322	-1038.134	-1225.944	187.8104	1.496688	2.317587	0.9409184
2328	-1034.056	-1221.972	187.9161	1.453278	2.067114	1.017102
2334	-1033.923	-1221.306	187.3825	1.383275	2.189407	1.468293
2340	-1025.535	-1212.539	187.0036	1.175504	2.030004	1.947781
2346	-1030.682	-1217.323	186.6418	1.22831	1.883368	2.209005
2352	-1034.563	-1222.162	187.5989	1.176592	1.985908	1.547419
2358	-1030.429	-1216.154	185.7247	1.029162	1.647501	2.995837
2364	-1026.247	-1213.616	187.3681	1.36801	2.061627	1.544009
2370	-1039.567	-1226.202	186.6354	1.328192	2.562272	1.903658
2376	-1032.957	-1219.856	186.8994	1.204517	2.900146	1.699231
2382	-1037.957	-1225.146	187.1891	1.172274	2.092938	1.798853
2388	-1034.792	-1221.794	187.0019	1.243083	2.30668	1.798853
2394	-1041.12	-1227.671	186.5509	1.109432	2.540561	2.112596
2400	-1037.05	-1224.053	187.0021	1.108652	1.965053	2.018985
2406	-1048.198	-1235.164	186.9652	0.9240597	1.930414	2.177992
2412	-1043.656	-1230.207	186.5512	0.831554	1.930414	2.500279
2418	-1054.246	-1241.384	187.1372	1.173252	2.116409	1.824897
2424	-1048.852	-1236.635	187.7831	1.220297	2.116409	1.314291
2430	-1046.748	-1234.277	187.5292	1.141957	2.643191	1.363867
2436	-1041.736	-1229.334	187.5972	1.151773	1.726761	1.683516
2442	-1037.457	-1224.552	187.0948	1.148116	2.439623	1.752913
2448	-1034.718	-1222.298	187.5798	1.342953	1.857081	1.495861
2454	-1029.089	-1216.476	187.3865	1.204694	2.716412	1.399859
2460	-1033.836	-1221.063	187.2271	1.262149	2.231264	1.655108
2466	-1039.489	-1226.826	187.3377	1.123526	2.771217	1.48027
2472	-1035.704	-1223.476	187.7717	1.505231	2.127297	1.073159
2478	-1035.304	-1223.332	188.028	1.482729	2.18143	0.7848072
2484	-1030.143	-1218.119	187.976	1.460304	2.316495	0.7877761
2490	-1033.736	-1221.815	188.0786	1.791227	1.711767	0.6593172
2496	-1042.238	-1230.32	188.0816	1.791227	1.711767	0.6531003
2502	-1034.959	-1222.555	187.5955	1.794389	2.64702	0.5450468
2508	-1021.125	-1208.865	187.7399	1.59479	2.738591	0.5964384
2514	-1030.136	-1218.1	187.9637	1.59479	1.881649	0.9359276
2520	-1026.513	-1214.011	187.4982	1.363765	2.497572	1.266432
2526	-1042.205	-1230.087	187.882	1.369805	2.365634	0.9728341
2532	-1026.985	-1214.45	187.4641	1.271669	2.058389	1.545652
2538	-1023.381	-1210.894	187.5137	1.248081	1.934633	1.579981
2544	-1037.387	-1224.881	187.4948	1.420308	2.258185	1.32301
2550	-1031.961	-1219.433	187.4725	1.442592	2.258185	1.32301
2556	-1035.28	-1222.752	187.4725	1.442592	2.258185	1.32301
2562	-1035.27	-1222.409	187.1387	1.442592	2.034983	1.667597
2568	-1042.567	-1230.461	187.8941	1.357881	2.016192	1.153374
2574	-1038.555	-1226.008	187.4528	1.475574	3.067937	0.9718829
2580	-1043.342	-1231.26	187.9172	1.385081	2.270592	0.9718829
2586	-1034.921	-1222.635	187.7142	1.499951	2.480014	0.9519578
2592	-1041.811	-1229.511	187.6993	1.342947	2.48848	1.114766
2598	-1037.521	-1224.752	187.2307	1.418137	2.0409	1.616564
2604	-1031.392	-1219.243	187.851	1.418626	2.119373	1.084072
2610	-1043.435	-1230.35	186.9144	1.353927	2.527294	1.704557
2616	-1037.16	-1224.902	187.7421	1.516248	2.045858	1.132413
2622	-1030.055	-1217.981	187.9267	1.578535	2.096831	0.8524159
2628	-1030.988	-1218.545	187.5569	1.298933	2.678644	1.198736
2634	-1031.305	-1218.071	186.7663	1.030068	3.097971	1.854781
2640	-1027.695	-1214.335	186.6396	1.074481	1.74554	2.364729
2646	-1034.982	-1222.169	187.187	1.059217	1.633729	2.069395
2652	-1038.487	-1225.741	187.2538	0.9761107	2.273848	1.821247
2658	-1044.22	-1230.45	186.2304	0.9428336	2.609357	2.404321
2664	-1041.812	-1228.582	186.7696	0.9255194	2.279992	2.175976
2670	-1042.471	-1228.726	186.2551	0.8846918	1.824311	2.691294
2676	-1036.861	-1224.062	187.2014	0.9002311	1.824311	2.08204
2682	-1036.785	-1224.085	187.2999	1.044155	1.528032	2.054019
2688	-1050.76	-1237.578	186.8176	1.108779	2.774354	1.86162
2694	-1045.162	-1232.727	187.5653	1.109245	2.278373	1.501051
2700	-1033.241	-1220.607	187.3663	1.207739	2.474638	1.501051
2706	-1037.684	-1224.937	187.2532	1.253116	2.361858	1.593163
2712	-1043.341	-1231.091	187.7492	1.21421	2.494482	1.181965
2718	-1044.691	-1232.439	187.7477	1.424211	2.525893	0.972473
2724	-1038.387	-1225.66	187.2729	1.248603	2.600482	1.4946
2730	-1037.982	-1225.481	187.4989	1.418588	2.451397	1.239308
2736	-1033.12	-1220.061	186.9413	1.340114	2.084216	1.857279
2742	-1025.121	-1212.683	187.5625	1.144511	2.084216	1.555989
2748	-1026.885	-1214.547	187.6619	1.199163	2.084216	1.44038
2754	-1035.969	-1223.638	187.6687	1.230909	1.729946	1.573346
2760	-1039.722	-1227.221	187.499	1.163189	1.729946	1.743307
2766	-1045.096	-1232.533	187.4375	1.055665	2.063521	1.718482
2772	-1045.43	-1232.432	187.0019	1.407555	2.412588	1.644511
2778	-1045.508	-1232.762	187.2537	1.223031	2.412588	1.595853
2784	-1032.208	-1220.391	188.1833	1.200446	1.796756	1.155148
2790	-1024.216	-1212.173	187.9571	1.241199	2.106394	1.155148
2796	-1037.259	-1224.53	187.2712	1.241199	3.221915	1.289923
2802	-1047.137	-1234.528	187.3907	1.098918	2.606832	1.516173
2808	-1052.41	-1239.691	187.2806	1.363675	2.620944	1.393241
2814	-1048.302	-1235.189	186.8874	1.29491	1.942239	1.980373
2820	-1046.827	-1234.375	187.5485	1.342315	1.940744	1.481421
2826	-1041.978	-1229.527	187.5491	1.298588	2.013563	1.481421
2832	-1039.385	-1227.01	187.6253	1.275543	2.498341	1.233713
2838	-1035.358	-1221.749	186.3909	1.117702	2.340405	2.275859
2844	-1035.806	-1222.408	186.6017	1.031596	2.781805	2.056131
2850	-1029.681	-1217.037	187.3556	0.9941589	2.169432	1.777284
2856	-1038.718	-1226.36	187.6417	0.9941589	2.169432	1.573255
2862	-1043.271	-1230.462	187.1908	0.9941589	2.668401	1.715869
2868	-1043.62	-1229.911	186.2905	0.7760805	2.166602	2.612195
2874	-1044.311	-1230.931	186.6196	0.8090843	1.917223	2.476542
2880	-1044.732	-1231.893	187.1618	0.9535107	1.662496	2.142346
2886	-1041.855	-1228.822	186.9667	1.025428	1.852114	2.142346
2892	-1037.862	-1225.341	187.479	1.053539	2.145084	1.657878
2898	-1038.835	-1226.242	187.4068	1.186435	1.859288	1.733741
2904	-1035.161	-1222.889	187.7273	1.351678	2.434551	1.105802
2910	-1037.913	-1225.592	187.6784	1.190031	2.434551	1.286875
2916	-1042.783	-1229.813	187.0304	1.041675	2.29205	1.922374
2922	-1044.507	-1230.94	186.4336	0.9987107	3.102575	2.097257
2928	-1049.829	-1236.976	187.1477	0.9020315	1.87024	2.097257
2934	-1033.312	-1219.909	186.5975	0.8739486	1.87024	2.467772
2940	-1041.868	-1228.614	186.7464	1.007636	1.830498	2.304646
2946	-1047.22	-1234.536	187.3162	0.8997848	1.880881	1.982791
2952	-1047.93	-1234.693	186.763	1.012296	2.712424	1.982791
2958	-1045.042	-1231.888	186.8461	1.012296	2.524506	1.986786
2964	-1052.971	-1240.02	187.0495	1.124429	2.766025	1.691944
2970	-1066.409	-1253.476	187.0669	1.343932	2.546324	1.595647
2976	-1064.542	-1251.697	187.1548	1.223254	2.546324	1.619419
2982	-1068.334	-1255.597	187.263	1.253544	2.018437	1.720335
2988	-1061.76	-1248.379	186.6196	1.07402	2.051181	2.258416
2994	-1052.801	-1240.199	187.398	1.033375	2.051181	1.7668
3000	-1036.002	-1223.18	187.1775	1.088654	1.976859	1.910055
3006	-1042.642	-1229.139	186.4972	0.9677001	2.596288	2.22224
3012	-1048.315	-1235.558	187.2432	1.191943	2.302321	1.666812
3018	-1045.739	-1232.325	186.5858	1.171421	2.082114	2.206053
3024	-1054.282	-1241.587	187.3052	1.042245	2.30009	1.729763
3030	-1048.243	-1234.83	186.587	1.162794	2.711763	2.00006
3036	-1035.481	-1222.446	186.9644	1.008429	1.895831	2.137291
3042	-1043.13	-1229.843	186.713	1.071439	2.870196	1.928921
3048	-1037.694	-1223.733	186.0388	0.6796036	2.125512	2.839396
3054	-1040.667	-1228.115	187.4488	1.024203	2.081289	1.725567
3060	-1035.742	-1223.492	187.7505	1.205089	2.411174	1.224248
3066	-1045.155	-1232.816	187.6608	1.294756	2.411174	1.224248
3072	-1038.74	-1226.117	187.3764	1.198707	2.357162	1.544435
3078	-1033.659	-1221.166	187.5066	1.252696	2.227056	1.457769
3084	-1035.955	-1223.269	187.3142	1.161697	2.688771	1.497641
3090	-1041.949	-1229.863	187.9148	1.200507	1.522955	1.519466
3096	-1041.238	-1229.264	188.0251	1.182259	1.483641	1.471996
3102	-1047.286	-1234.793	187.5063	1.120824	2.445541	1.471996
3108	-1053.912	-1241.616	187.7044	1.451455	2.221422	1.136501
3114	-1044.39	-1231.589	187.199	1.364297	2.268871	1.587035
3120	-1038.453	-1226.482	188.0285	1.350633	2.211939	0.9238451
3126	-1044.688	-1231.972	187.2832	1.350633	2.606353	1.40673
3132	-1037.067	-1225.04	187.973	1.359041	1.728283	1.237688
3138	-1037.542	-1225.239	187.6972	1.279733	2.468664	1.181351
3144	-1037.845	-1225.564	187.7196	1.11433	1.726072	1.62295
3150	-1036.1	-1224.089	187.9892	1.338994	1.581347	1.322933
3156	-1034.545	-1222.585	188.0407	1.372636	1.463981	1.322933
3162	-1031.192	-1218.843	187.6509	1.372559	1.970877	1.365264
3168	-1035.682	-1223.378	187.6967	1.200858	1.805259	1.538974
3174	-1037.121	-1224.664	187.5427	1.140216	2.298703	1.486694
3180	-1036.503	-1223.855	187.352	1.140216	2.298703	1.62721
3186	-1031.359	-1218.57	187.2107	1.131471	2.104392	1.807649
3192	-1031.198	-1218.237	187.0395	1.176188	2.085874	1.901453
3198	-1038.09	-1225.328	187.2379	1.214141	2.15949	1.709448
3204	-1038.401	-1226.177	187.7756	1.177827	1.915093	1.445623
3210	-1029.281	-1216.04	186.7585	1.157027	1.732695	2.241435
3216	-1041.242	-1226.636	185.3942	1.246891	2.494353	2.768775
3222	-1030.723	-1218.308	187.5852	1.201522	1.905568	1.574658
3228	-1027.707	-1214.794	187.0868	1.276244	1.754451	1.937778
3234	-1028.202	-1216.12	187.9183	1.24984	1.478378	1.504453
3240	-1034.581	-1221.958	187.3769	1.219892	2.133811	1.616121
3246	-1037.223	-1224.875	187.6517	1.196395	2.350394	1.337909
3252	-1042.242	-1229.602	187.3597	1.438539	2.462335	1.332444
3258	-1041.643	-1229.186	187.5438	1.214779	2.783885	1.240293
3264	-1035.652	-1222.919	187.267	1.082567	2.013142	1.838645
3270	-1042.159	-1229.215	187.0561	1.022988	2.185596	1.95617
3276	-1041.672	-1229.589	187.9161	0.8782442	1.370203	1.830879
3282	-1034.227	-1221.899	187.6712	1.194398	1.6797	1.622347
3288	-1029.961	-1217.384	187.4232	1.283035	2.390391	1.432917
3294	-1034.365	-1222.206	187.8408	1.261845	1.473875	1.555634
3300	-1027.792	-1215.56	187.7681	1.336741	1.966796	1.302108
3306	-1037.38	-1225.243	187.8627	1.304001	1.783938	1.343141
3312	-1044.903	-1232.404	187.5016	1.185465	2.047143	1.586207
3318	-1040.099	-1227.631	187.5315	1.232805	1.593402	1.736701
3324	-1037.288	-1225.119	187.8315	1.089096	1.709345	1.567907
3330	-1028.827	-1216.384	187.5567	1.312277	2.135146	1.412225
3336	-1028.582	-1215.537	186.9558	1.067835	2.374535	1.926136
3342	-1025.948	-1212.559	186.6108	1.009295	2.098538	2.288261
3348	-1029.983	-1217.241	187.2579	1.129048	2.098538	1.778906
3354	-1030.062	-1217.553	187.4914	1.154769	2.38206	1.481875
3360	-1039.159	-1226.975	187.8157	1.437446	2.487403	0.9058277
3366	-1042.879	-1230.277	187.3982	1.479366	2.908844	1.087305
3372	-1036.179	-1223.778	187.5982	1.737537	2.663679	0.6754901
3378	-1044.811	-1232.546	187.7351	1.737537	2.330785	0.7230677
3384	-1054.208	-1241.367	187.158	1.12884	2.640691	1.652657
3390	-1040.208	-1227.366	187.158	1.12884	2.640691	1.652657
3396	-1036.477	-1223.635	187.158	1.12884	2.640691	1.652657
3402	-1034.524	-1221.682	187.158	1.12884	2.640691	1.652657
3408	-1040.247	-1227.405	187.158	1.12884	2.640691	1.652657
3414	-1038.176	-1225.334	187.158	1.12884	2.640691	1.652657
3420	-1042.306	-1230.32	188.0145	1.731764	1.930691	0.626212
3426	-1033.272	-1221.363	188.0911	1.588551	1.940505	0.7400328
3432	-1027.055	-1214.731	187.6762	1.557294	2.56498	0.8852167
3438	-1035.093	-1222.76	187.6672	1.639497	2.09148	1.0641
3444	-1033.861	-1221.547	187.6856	1.623216	2.510026	0.8267698
3450	-1044.419	-1231.577	187.158	1.12884	2.640691	1.652657
3456	-1041.57	-1228.728	187.158	1.12884	2.640691	1.652657
3462	-1039.797	-1226.955	187.158	1.12884	2.640691	1.652657
3468	-1048.697	-1235.855	187.158	1.12884	2.640691	1.652657
3474	-1037.289	-1224.817	187.5285	1.658562	2.723044	0.8523517
3480	-1034.778	-1222.486	187.7085	1.68989	2.576783	0.6293442
3486	-1033.922	-1221.379	187.457	1.499937	2.685758	1.106467
3492	-1036.566	-1224.092	187.5259	1.567692	3.029145	0.8001292
3498	-1052.462	-1239.585	187.1231	1.576054	2.513528	1.390774
3504	-1036.736	-1224.107	187.3713	1.668588	2.203544	1.244852
3510	-1022.381	-1210.072	187.6916	1.542049	2.203544	1.074348
3516	-1025.592	-1213.072	187.48	1.683874	2.500924	0.9931321
3522	-1037.222	-1224.338	187.1158	1.671062	3.573717	0.9112945
3528	-1023.628	-1211.271	187.643	1.338491	2.629817	1.107994
3534	-1030.332	-1218.124	187.7917	1.626123	1.830089	1.105594
3540	-1028.01	-1215.758	187.7481	1.409839	2.455463	1.021391
3546	-1030.035	-1217.774	187.739	1.357257	2.886289	0.8732662
3552	-1024.783	-1212.547	187.7643	1.515256	1.994247	1.140313
3558	-1032.726	-1220.565	187.8388	1.475693	2.594408	0.7640705
3564	-1032.368	-1220.315	187.9467	1.648443	2.113784	0.7143105
3570	-1037.649	-1225.116	187.4666	1.731024	2.922161	0.7143105
3576	-1032.857	-1220.573	187.7159	1.717361	2.418024	0.7143105
3582	-1032.611	-1220.577	187.9663	1.506708	2.029801	0.9327153
3588	-1034.674	-1222.541	187.8671	1.558031	2.358629	0.7730085
3594	-1032.802	-1220.276	187.4739	1.521043	1.956441	1.394405
3600	-1026.338	-1213.511	187.173	1.571259	3.103373	1.133474
3606	-1032.78	-1220.345	187.5646	1.479665	2.566682	1.077826
3612	-1037.852	-1224.995	187.1435	1.264525	3.359809	1.330348
3618	-1029.358	-1216.474	187.116	1.264525	3.43111	1.330348
3624	-1038.052	-1224.516	186.4645	1.264525	2.98384	1.933088
3630	-1036.687	-1224.037	187.3492	1.203984	1.863297	1.760033
3636	-1027.605	-1214.493	186.8881	1.082102	2.250038	2.005666
3642	-1032.764	-1220.473	187.7087	1.460946	2.293225	1.089252
3648	-1036.503	-1224.096	187.5932	1.389133	2.236727	1.277739
3654	-1030.371	-1218.015	187.6441	1.438954	2.337427	1.146641
3660	-1035.11	-1222.145	187.0354	1.317696	3.151315	1.43829
3666	-1051.833	-1239.344	187.5103	1.306152	2.458503	1.319315
3672	-1042.339	-1229.717	187.3781	1.201724	2.799912	1.379109
3678	-1043.681	-1231.053	187.3722	0.9238331	2.413886	1.724688
3684	-1048.242	-1235.628	187.3852	1.062498	1.809999	1.856089
3690	-1041.476	-1228.421	186.9449	1.150355	2.335425	1.89128
3696	-1036.779	-1223.378	186.599	0.9853397	2.693168	2.115032
3702	-1041.333	-1227.828	186.4957	0.9829596	2.693168	2.183881
3708	-1038.445	-1225.102	186.6567	1.040232	2.253734	2.183881
3714	-1040.828	-1227.569	186.7413	0.8717867	2.549956	2.140548
3720	-1037.498	-1224.858	187.36	0.9441088	2.030443	1.862865
3726	-1033.114	-1220.24	187.1259	0.8573817	2.282263	1.985499
3732	-1035.979	-1223.219	187.2402	0.9216743	2.282263	1.864892
3738	-1036.727	-1223.631	186.9038	1.258	2.282263	1.864892
3744	-1036.165	-1223.711	187.5458	0.9451662	2.282476	1.634236
3750	-1030.536	-1218.488	187.9522	1.171703	1.784409	1.376789
3756	-1026.823	-1213.953	187.1301	1.112678	2.196951	1.840789
3762	-1020.636	-1207.532	186.8956	1.152765	1.957679	2.063188
3768	-1023.994	-1211.278	187.2836	1.128785	2.518696	1.604329
3774	-1027.11	-1214.64	187.5303	1.173734	1.73845	1.70995
3780	-1025.075	-1212.693	187.6183	1.22827	2.429535	1.306755
3786	-1027.524	-1215.655	188.1304	1.244451	1.736807	1.196611
3792	-1038.11	-1225.422	187.3115	1.274658	2.721407	1.401998
3798	-1038.933	-1226.397	187.464	1.522014	2.392147	1.206575
3804	-1030.586	-1218.54	187.9539	1.248688	1.952138	1.228526
3810	-1026.601	-1213.952	187.3509	1.064537	2.116658	1.751931
3816	-1032.932	-1220.287	187.3546	1.068841	2.674231	1.541835
3822	-1022.611	-1210.572	187.9604	1.211746	1.67976	1.392803
3828	-1020.48	-1208.162	187.6823	1.193481	1.844246	1.536913
3834	-1022.268	-1209.248	186.9805	1.090864	1.804121	2.110265
3840	-1047.322	-1235.061	187.7397	1.483718	2.245136	1.062819
3846	-1042.517	-1230.256	187.7397	1.483718	2.245136	1.062819
3852	-1045.198	-1232.938	187.7397	1.483718	2.245136	1.062819
3858	-1042.961	-1230.701	187.7397	1.483718	2.245136	1.062819
3864	-1034.07	-1221.785	187.7144	1.289566	2.120915	1.311804
3870	-1026.959	-1214.4	187.4411	1.289566	2.409838	1.406422
3876	-1033.273	-1220.475	187.202	1.068418	2.53621	1.699962
3882	-1034.694	-1220.736	186.0418	1.022812	2.104128	2.634963
3888	-1034.703	-1221.282	186.5797	1.224235	1.828842	2.273373
3894	-1034.632	-1222.059	187.4265	1.348607	1.900112	1.585546
3900	-1040.381	-1227.674	187.2927	1.282044	2.625987	1.445077
3906	-1031.462	-1218.785	187.3229	1.403465	2.573613	1.346356
3912	-1031.025	-1218.948	187.9229	1.297329	1.993658	1.192503
3918	-1034.814	-1221.564	186.7497	1.320254	2.415323	1.880656
3924	-1024.841	-1211.972	187.1315	1.287923	1.580899	1.978749
3930	-1020.448	-1207.321	186.8727	1.009543	1.762692	2.250235
3936	-1032.864	-1219.386	186.5213	0.9910964	2.201583	2.320542
3942	-1050.996	-1238.235	187.2386	1.055491	2.471784	1.70563
3948	-1042.443	-1228.473	186.0306	1.079004	2.471784	2.486289
3954	-1036.414	-1223.271	186.8572	1.085659	2.147853	2.060663
3960	-1044.753	-1232.015	187.2619	1.249527	2.302429	1.611915
3966	-1041.707	-1229.361	187.6538	1.221548	1.686663	1.611915
3972	-1045.584	-1233.543	187.959	1.232122	1.821899	1.304162
3978	-1044.794	-1232.292	187.4977	1.491821	2.296875	1.24524
3984	-1028.699	-1216.044	187.3452	1.228086	2.21677	1.60009
3990	-1034.72	-1221.701	186.9807	1.460474	3.545311	1.245662
3996	-1033.261	-1220.599	187.3382	1.527754	3.545311	0.8306475
4002	-1039.854	-1227.467	187.6135	1.633009	2.633126	0.8306475
4008	-1041.473	-1229.481	188.0079	1.633009	2.096988	0.6455861
4014	-1038.298	-1226.318	188.0206	1.686145	1.914202	0.7224388
4020	-1038.575	-1226.333	187.7578	1.826168	2.129469	0.7182106
4026	-1042.308	-1230.233	187.925	1.572095	1.732044	1.09074
4032	-1048.09	-1235.642	187.5517	1.486725	2.549998	1.09074
4038	-1040.288	-1227.909	187.6215	1.343692	2.487166	1.183595
4044	-1045.342	-1232.967	187.6253	1.278677	2.351085	1.292583
4050	-1043.72	-1231.724	188.0032	1.155923	2.097081	1.193798
4056	-1040.538	-1228.015	187.4767	1.449731	2.201859	1.338192
4062	-1056.345	-1243.859	187.5137	1.258488	2.418776	1.370409
4068	-1046.406	-1233.856	187.4504	1.255776	2.485835	1.395866
4074	-1031.912	-1219.322	187.4101	1.046175	1.889911	1.815889
4080	-1041.063	-1228.555	187.4914	1.091855	1.940226	1.705878
4086	-1034.4	-1221.78	187.3799	1.097496	1.850931	1.817953
4092	-1026.909	-1213.922	187.0136	1.035787	2.645369	1.817953
4098	-1036.281	-1223.544	187.2622	1.037119	2.911461	1.554613
4104	-1034.707	-1222.147	187.4402	1.096263	2.305239	1.592592
4110	-1037.307	-1224.666	187.3598	1.273297	2.126855	1.592592
4116	-1037.885	-1225.298	187.4134	1.091927	2.272632	1.627693
4122	-1037.609	-1225.215	187.6061	1.091927	2.272632	1.485699
4128	-1034.459	-1222.061	187.6026	1.108063	1.861683	1.649342
4134	-1033.772	-1221.5	187.7274	1.096909	1.862294	1.566582
4140	-1035.567	-1223.004	187.4379	1.316555	2.028875	1.544387
4146	-1025.209	-1213.371	188.1621	1.285862	1.447891	1.304779
4152	-1028.75	-1216.346	187.5956	1.285862	1.829038	1.539715
4158	-1025.179	-1213.203	188.0242	1.294304	1.428917	1.418427
4164	-1022.483	-1210.265	187.7818	1.420126	2.121806	1.144229
4170	-1024.295	-1212.451	188.156	1.375656	1.553075	1.169604
4176	-1029.178	-1217.151	187.9729	1.307639	1.936738	1.169604
4182	-1025.493	-1212.855	187.3616	1.026978	1.757505	1.919181
4188	-1024.415	-1211.046	186.6307	0.9408348	1.816443	2.426017
4194	-1032.998	-1219.581	186.5831	0.8539869	2.03883	2.426017
4200	-1031.62	-1218.436	186.8157	1.122632	1.911766	2.153443
4206	-1029.845	-1217.339	187.4935	1.140794	2.626726	1.398855
4212	-1034.455	-1221.316	186.8616	1.140794	2.52985	1.887988
4218	-1025.608	-1213.017	187.4086	1.196837	2.348296	1.525359
4224	-1028.993	-1216.643	187.6503	1.19765	2.143082	1.425043
4230	-1043.403	-1231.322	187.9188	1.219568	2.000328	1.258348
4236	-1050.735	-1238.599	187.8638	1.246248	2.03141	1.266846
4242	-1049.417	-1237.267	187.8509	1.22202	2.03141	1.297217
4248	-1045.546	-1232.813	187.2662	1.103966	1.809158	1.909194
4254	-1038.573	-1225.513	186.9394	1.030783	2.659395	1.867804
4260	-1031.649	-1219.325	187.676	1.183568	1.792333	1.573023
4266	-1031.122	-1218.798	187.676	1.183568	1.792333	1.573023
4272	-1024.373	-1211.648	187.2748	1.034863	2.202825	1.792443
4278	-1017.988	-1204.822	186.8346	1.15454	2.262803	1.988491
4284	-1023.33	-1210.619	187.2893	1.118351	2.19035	1.728752
4290	-1033.298	-1219.565	186.2677	0.9406486	1.863516	2.633955
4296	-1032.56	-1219.181	186.6212	0.9316646	2.083843	2.336415
4302	-1041.828	-1228.593	186.7644	0.8940821	2.403723	2.15815
